INFO: [SIM 2] *************** CSIM start ***************
INFO: [SIM 4] CSIM will launch GCC as the compiler.
   Compiling ../../../../myproject_test.cpp in debug mode
   Compiling ../../../../firmware/myproject.cpp in debug mode
   Generating csim.exe
Processing input 0:
	Ground Truth Predictions (gt):
		0 0 0 1 0 0 0 0 0 0 
	hls_py Predictions (hp):
		-13.25 -13.75 -10.5 -6.75 -13 -8 -8.75 -14 -10.25 -12.5 
	keras Predictions (k):
		-16.2554 -15.3726 -12.2603 -8.08398 -16.9204 -7.89014 -11.2266 -16.5654 -13.1304 -14.7075 
	hls_csim Predictions (hc):
		-13.25 -14.25 -10.5 -6.75 -13.5 -8 -9 -14.25 -10 -12.75 
	Prediction Match Matrix: 

		      gt    hp    k     hc  
		   -------------------------
		gt |  T  |  T  |  T  |  T  |
		   -------------------------
		hp |  T  |  T  |  T  |  T  |
		   -------------------------
		k  |  T  |  T  |  T  |  T  |
		   -------------------------
		hc |  T  |  T  |  T  |  T  |
		   -------------------------

Processing input 10:
	Ground Truth Predictions (gt):
		1 0 0 0 0 0 0 0 0 0 
	hls_py Predictions (hp):
		-0.5 -12.25 -5.75 -7.25 -9 -8.75 -10.75 -8.75 -7.25 -13 
	keras Predictions (k):
		-1.11035 -14.249 -8.50195 -8.38672 -11.498 -10.1323 -14.6025 -10.7314 -9.2207 -15.6387 
	hls_csim Predictions (hc):
		0 -12 -6.5 -7.25 -9 -8.75 -11 -8.75 -7.75 -13 
	Prediction Match Matrix: 

		      gt    hp    k     hc  
		   -------------------------
		gt |  T  |  T  |  T  |  T  |
		   -------------------------
		hp |  T  |  T  |  T  |  T  |
		   -------------------------
		k  |  T  |  T  |  T  |  T  |
		   -------------------------
		hc |  T  |  T  |  T  |  T  |
		   -------------------------

Processing input 20:
	Ground Truth Predictions (gt):
		0 0 0 0 0 0 0 1 0 0 
	hls_py Predictions (hp):
		-12.75 -11.25 -13.5 -11.5 -10.5 -11 -14.25 -5.5 -13 -11.5 
	keras Predictions (k):
		-16.2231 -12.4961 -15.9448 -12.813 -12.3521 -11.0317 -16.1934 -6.55127 -15.9365 -12.9595 
	hls_csim Predictions (hc):
		-13.25 -12.25 -13.5 -11.25 -10.5 -10.5 -14.5 -5.5 -13.5 -12.25 
	Prediction Match Matrix: 

		      gt    hp    k     hc  
		   -------------------------
		gt |  T  |  T  |  T  |  T  |
		   -------------------------
		hp |  T  |  T  |  T  |  T  |
		   -------------------------
		k  |  T  |  T  |  T  |  T  |
		   -------------------------
		hc |  T  |  T  |  T  |  T  |
		   -------------------------

Processing input 30:
	Ground Truth Predictions (gt):
		0 0 0 0 0 0 1 0 0 0 
	hls_py Predictions (hp):
		-15.25 -10 -8.5 -13.75 -14 -15 -2.25 -12.75 -15.5 -12.75 
	keras Predictions (k):
		-17.4902 -12.3335 -10.0879 -14.4766 -16.3491 -15.6538 -3.29053 -13.7544 -19.939 -15.4644 
	hls_csim Predictions (hc):
		-14.75 -10.25 -8.75 -13.25 -14.25 -15 -2.5 -12.75 -16 -12 
	Prediction Match Matrix: 

		      gt    hp    k     hc  
		   -------------------------
		gt |  T  |  T  |  T  |  T  |
		   -------------------------
		hp |  T  |  T  |  T  |  T  |
		   -------------------------
		k  |  T  |  T  |  T  |  T  |
		   -------------------------
		hc |  T  |  T  |  T  |  T  |
		   -------------------------

Processing input 40:
	Ground Truth Predictions (gt):
		0 0 0 0 1 0 0 0 0 0 
	hls_py Predictions (hp):
		-9.5 -13.5 -8.25 -10.75 -3.5 -12 -17.25 -13.75 -15.5 -14 
	keras Predictions (k):
		-11.8711 -15.1631 -9.91699 -12.1562 -4.14795 -13.1562 -20.4775 -14.6011 -19.0757 -15.7246 
	hls_csim Predictions (hc):
		-9 -13.5 -7.75 -10.5 -3 -11.75 -17 -13 -15.5 -14.25 
	Prediction Match Matrix: 

		      gt    hp    k     hc  
		   -------------------------
		gt |  T  |  T  |  T  |  T  |
		   -------------------------
		hp |  T  |  T  |  T  |  T  |
		   -------------------------
		k  |  T  |  T  |  T  |  T  |
		   -------------------------
		hc |  T  |  T  |  T  |  T  |
		   -------------------------

Processing input 50:
	Ground Truth Predictions (gt):
		0 0 0 0 0 0 0 0 0 1 
	hls_py Predictions (hp):
		-8.75 -7.25 -15.25 -15.75 -15.75 -18.25 -13.25 -14 -11.75 -1.5 
	keras Predictions (k):
		-9.62646 -7.57861 -17.2949 -17.9541 -18.1401 -19.7549 -15.439 -14.0967 -13.9932 -0.78125 
	hls_csim Predictions (hc):
		-8.25 -7 -15.25 -15.75 -15 -17.5 -12.5 -12.75 -11 -0.75 
	Prediction Match Matrix: 

		      gt    hp    k     hc  
		   -------------------------
		gt |  T  |  T  |     |  T  |
		   -------------------------
		hp |  T  |  T  |     |  T  |
		   -------------------------
		k  |     |     |  T  |     |
		   -------------------------
		hc |  T  |  T  |     |  T  |
		   -------------------------

Processing input 60:
	Ground Truth Predictions (gt):
		0 0 0 0 0 0 0 1 0 0 
	hls_py Predictions (hp):
		-14.5 -18.25 -9.5 -9.75 -2.25 -7.25 -13 3.75 -18 -15.75 
	keras Predictions (k):
		-16.5771 -20.1777 -10.9814 -11.0664 -2.87256 -8.34277 -14.5938 4.29394 -20.5034 -17.4409 
	hls_csim Predictions (hc):
		-14.75 -18 -9.5 -9.75 -3 -7.5 -12.75 4 -18.5 -15.75 
	Prediction Match Matrix: 

		      gt    hp    k     hc  
		   -------------------------
		gt |  T  |  T  |  T  |  T  |
		   -------------------------
		hp |  T  |  T  |  T  |  T  |
		   -------------------------
		k  |  T  |  T  |  T  |  T  |
		   -------------------------
		hc |  T  |  T  |  T  |  T  |
		   -------------------------

Processing input 70:
	Ground Truth Predictions (gt):
		0 0 1 0 0 0 0 0 0 0 
	hls_py Predictions (hp):
		-4.25 -6.75 -3.5 -5 -5 -5.5 -6.25 -7.75 -5 -6.5 
	keras Predictions (k):
		-5.51856 -8.65283 -4.52979 -5.73047 -6.35596 -6.74609 -8.01172 -9.41211 -7.15869 -8.41797 
	hls_csim Predictions (hc):
		-4.5 -6.25 -3.75 -5 -5.5 -5.75 -6.25 -8.25 -4.75 -6.5 
	Prediction Match Matrix: 

		      gt    hp    k     hc  
		   -------------------------
		gt |  T  |  T  |  T  |  T  |
		   -------------------------
		hp |  T  |  T  |  T  |  T  |
		   -------------------------
		k  |  T  |  T  |  T  |  T  |
		   -------------------------
		hc |  T  |  T  |  T  |  T  |
		   -------------------------

Processing input 80:
	Ground Truth Predictions (gt):
		0 0 0 0 0 0 0 0 1 0 
	hls_py Predictions (hp):
		-4 -6.25 -8.75 -11 -10 -13.75 -10 -10.75 1.5 -5.25 
	keras Predictions (k):
		-5.18506 -6.81641 -12.0737 -14.5708 -12.8359 -18.0015 -13.3506 -12.6104 2.80859 -6.09961 
	hls_csim Predictions (hc):
		-3.75 -6 -8.75 -11.25 -9.75 -14 -10 -11 1.75 -5 
	Prediction Match Matrix: 

		      gt    hp    k     hc  
		   -------------------------
		gt |  T  |  T  |  T  |  T  |
		   -------------------------
		hp |  T  |  T  |  T  |  T  |
		   -------------------------
		k  |  T  |  T  |  T  |  T  |
		   -------------------------
		hc |  T  |  T  |  T  |  T  |
		   -------------------------

Processing input 90:
	Ground Truth Predictions (gt):
		1 0 0 0 0 0 0 0 0 0 
	hls_py Predictions (hp):
		-0.25 -7.5 -13.75 -14.25 -11.25 -17.5 -22.75 -10.25 -5.75 -6.75 
	keras Predictions (k):
		-0.206543 -8.02588 -15.2539 -16.5854 -13.457 -20.251 -26.2808 -11.3945 -8.17822 -8.54102 
	hls_csim Predictions (hc):
		-0.5 -7 -13.25 -14.25 -11.25 -17.5 -22.25 -10.5 -5.5 -7 
	Prediction Match Matrix: 

		      gt    hp    k     hc  
		   -------------------------
		gt |  T  |  T  |  T  |  T  |
		   -------------------------
		hp |  T  |  T  |  T  |  T  |
		   -------------------------
		k  |  T  |  T  |  T  |  T  |
		   -------------------------
		hc |  T  |  T  |  T  |  T  |
		   -------------------------

Summary of Test:
	Total # of Test Inputs = 100
	Total # of Matching Predictions = 82 (0.82)

| 1| 0.81| 0.83| 0.82 |
| 0.81| 1| 0.91| 0.94 |
| 0.83| 0.91| 1| 0.9 |
| 0.82| 0.94| 0.9| 1 |
INFO: Saved inference results to file: tb_data/csim_results.log
INFO: [SIM 1] CSim done with 0 errors.
INFO: [SIM 3] *************** CSIM finish ***************
