

================================================================
== Vivado HLS Report for 'zeropad2d_cl_array_array_ap_fixed_32u_config20_s'
================================================================
* Date:           Tue Oct 26 13:11:29 2021

* Version:        2020.1 (Build 2897737 on Wed May 27 20:21:37 MDT 2020)
* Project:        myproject_prj
* Solution:       solution1
* Product family: zynq
* Target device:  xc7z020-clg400-1


================================================================
== Performance Estimates
================================================================
+ Timing: 
    * Summary: 
    +--------+----------+----------+------------+
    |  Clock |  Target  | Estimated| Uncertainty|
    +--------+----------+----------+------------+
    |ap_clk  | 10.00 ns | 7.268 ns |   1.25 ns  |
    +--------+----------+----------+------------+

+ Latency: 
    * Summary: 
    +---------+---------+-----------+-----------+------+------+---------+
    |  Latency (cycles) |   Latency (absolute)  |   Interval  | Pipeline|
    |   min   |   max   |    min    |    max    |  min |  max |   Type  |
    +---------+---------+-----------+-----------+------+------+---------+
    |     1296|     1296| 12.960 us | 12.960 us |  1296|  1296|   none  |
    +---------+---------+-----------+-----------+------+------+---------+

    + Detail: 
        * Instance: 
        N/A

        * Loop: 
        +-------------------+---------+---------+----------+-----------+-----------+------+----------+
        |                   |  Latency (cycles) | Iteration|  Initiation Interval  | Trip |          |
        |     Loop Name     |   min   |   max   |  Latency |  achieved |   target  | Count| Pipelined|
        +-------------------+---------+---------+----------+-----------+-----------+------+----------+
        |- PadTopWidth      |       35|       35|         1|          -|          -|    35|    no    |
        |- PadMain          |     1184|     1184|        37|          -|          -|    32|    no    |
        | + CopyMain        |       32|       32|         1|          -|          -|    32|    no    |
        | + PadRight        |        2|        2|         1|          -|          -|     2|    no    |
        |- PadBottom        |       74|       74|        37|          -|          -|     2|    no    |
        | + PadBottomWidth  |       35|       35|         1|          -|          -|    35|    no    |
        +-------------------+---------+---------+----------+-----------+-----------+------+----------+

============================================================
+ Verbose Summary: Synthesis Manager
============================================================
InlineROM: 1
ExposeGlobal: 0
============================================================
+ Verbose Summary: CDFG Model
============================================================
IsTopModel: 0
ResetActiveHigh: 1
IsCombinational: 2
IsDatapathOnly: 0
HasWiredReturn: 1
HasMFsm: 0
HasVarLatency: 1
IsPipeline: 0
IsRtlPipelined: 0
IsInstanceOverlapped: 0
IsDontTouch: 0
HasImplIP: 0
IsGatedGlobalClock: 0


============================================================
+ Verbose Summary: Schedule
============================================================
* Number of FSM states : 7
* Pipeline : 0
* Dataflow Pipeline: 0

* FSM state transitions: 
1 --> 2 
2 --> 2 3 
3 --> 4 6 
4 --> 4 5 
5 --> 5 3 
6 --> 7 
7 --> 7 6 

* FSM state operations: 

State 1 <SV = 0> <Delay = 1.76>
ST_1 : Operation 8 [1/1] (0.00ns)   --->   "call void (...)* @_ssdm_op_SpecInterface(i8* %res_V_data_31_V, [8 x i8]* @ap_fifo_str, i32 0, i32 0, [1 x i8]* @p_str731, i32 0, i32 0, [1 x i8]* @p_str732, [1 x i8]* @p_str733, [1 x i8]* @p_str734, i32 2, i32 2, i32 16, i32 16, [1 x i8]* @p_str735, [1 x i8]* @p_str736)"   --->   Operation 8 'specinterface' <Predicate = true> <Delay = 0.00>
ST_1 : Operation 9 [1/1] (0.00ns)   --->   "call void (...)* @_ssdm_op_SpecInterface(i8* %res_V_data_30_V, [8 x i8]* @ap_fifo_str, i32 0, i32 0, [1 x i8]* @p_str724, i32 0, i32 0, [1 x i8]* @p_str725, [1 x i8]* @p_str726, [1 x i8]* @p_str727, i32 2, i32 2, i32 16, i32 16, [1 x i8]* @p_str728, [1 x i8]* @p_str729)"   --->   Operation 9 'specinterface' <Predicate = true> <Delay = 0.00>
ST_1 : Operation 10 [1/1] (0.00ns)   --->   "call void (...)* @_ssdm_op_SpecInterface(i8* %res_V_data_29_V, [8 x i8]* @ap_fifo_str, i32 0, i32 0, [1 x i8]* @p_str717, i32 0, i32 0, [1 x i8]* @p_str718, [1 x i8]* @p_str719, [1 x i8]* @p_str720, i32 2, i32 2, i32 16, i32 16, [1 x i8]* @p_str721, [1 x i8]* @p_str722)"   --->   Operation 10 'specinterface' <Predicate = true> <Delay = 0.00>
ST_1 : Operation 11 [1/1] (0.00ns)   --->   "call void (...)* @_ssdm_op_SpecInterface(i8* %res_V_data_28_V, [8 x i8]* @ap_fifo_str, i32 0, i32 0, [1 x i8]* @p_str710, i32 0, i32 0, [1 x i8]* @p_str711, [1 x i8]* @p_str712, [1 x i8]* @p_str713, i32 2, i32 2, i32 16, i32 16, [1 x i8]* @p_str714, [1 x i8]* @p_str715)"   --->   Operation 11 'specinterface' <Predicate = true> <Delay = 0.00>
ST_1 : Operation 12 [1/1] (0.00ns)   --->   "call void (...)* @_ssdm_op_SpecInterface(i8* %res_V_data_27_V, [8 x i8]* @ap_fifo_str, i32 0, i32 0, [1 x i8]* @p_str703, i32 0, i32 0, [1 x i8]* @p_str704, [1 x i8]* @p_str705, [1 x i8]* @p_str706, i32 2, i32 2, i32 16, i32 16, [1 x i8]* @p_str707, [1 x i8]* @p_str708)"   --->   Operation 12 'specinterface' <Predicate = true> <Delay = 0.00>
ST_1 : Operation 13 [1/1] (0.00ns)   --->   "call void (...)* @_ssdm_op_SpecInterface(i8* %res_V_data_26_V, [8 x i8]* @ap_fifo_str, i32 0, i32 0, [1 x i8]* @p_str696, i32 0, i32 0, [1 x i8]* @p_str697, [1 x i8]* @p_str698, [1 x i8]* @p_str699, i32 2, i32 2, i32 16, i32 16, [1 x i8]* @p_str700, [1 x i8]* @p_str701)"   --->   Operation 13 'specinterface' <Predicate = true> <Delay = 0.00>
ST_1 : Operation 14 [1/1] (0.00ns)   --->   "call void (...)* @_ssdm_op_SpecInterface(i8* %res_V_data_25_V, [8 x i8]* @ap_fifo_str, i32 0, i32 0, [1 x i8]* @p_str689, i32 0, i32 0, [1 x i8]* @p_str690, [1 x i8]* @p_str691, [1 x i8]* @p_str692, i32 2, i32 2, i32 16, i32 16, [1 x i8]* @p_str693, [1 x i8]* @p_str694)"   --->   Operation 14 'specinterface' <Predicate = true> <Delay = 0.00>
ST_1 : Operation 15 [1/1] (0.00ns)   --->   "call void (...)* @_ssdm_op_SpecInterface(i8* %res_V_data_24_V, [8 x i8]* @ap_fifo_str, i32 0, i32 0, [1 x i8]* @p_str682, i32 0, i32 0, [1 x i8]* @p_str683, [1 x i8]* @p_str684, [1 x i8]* @p_str685, i32 2, i32 2, i32 16, i32 16, [1 x i8]* @p_str686, [1 x i8]* @p_str687)"   --->   Operation 15 'specinterface' <Predicate = true> <Delay = 0.00>
ST_1 : Operation 16 [1/1] (0.00ns)   --->   "call void (...)* @_ssdm_op_SpecInterface(i8* %res_V_data_23_V, [8 x i8]* @ap_fifo_str, i32 0, i32 0, [1 x i8]* @p_str675, i32 0, i32 0, [1 x i8]* @p_str676, [1 x i8]* @p_str677, [1 x i8]* @p_str678, i32 2, i32 2, i32 16, i32 16, [1 x i8]* @p_str679, [1 x i8]* @p_str680)"   --->   Operation 16 'specinterface' <Predicate = true> <Delay = 0.00>
ST_1 : Operation 17 [1/1] (0.00ns)   --->   "call void (...)* @_ssdm_op_SpecInterface(i8* %res_V_data_22_V, [8 x i8]* @ap_fifo_str, i32 0, i32 0, [1 x i8]* @p_str668, i32 0, i32 0, [1 x i8]* @p_str669, [1 x i8]* @p_str670, [1 x i8]* @p_str671, i32 2, i32 2, i32 16, i32 16, [1 x i8]* @p_str672, [1 x i8]* @p_str673)"   --->   Operation 17 'specinterface' <Predicate = true> <Delay = 0.00>
ST_1 : Operation 18 [1/1] (0.00ns)   --->   "call void (...)* @_ssdm_op_SpecInterface(i8* %res_V_data_21_V, [8 x i8]* @ap_fifo_str, i32 0, i32 0, [1 x i8]* @p_str661, i32 0, i32 0, [1 x i8]* @p_str662, [1 x i8]* @p_str663, [1 x i8]* @p_str664, i32 2, i32 2, i32 16, i32 16, [1 x i8]* @p_str665, [1 x i8]* @p_str666)"   --->   Operation 18 'specinterface' <Predicate = true> <Delay = 0.00>
ST_1 : Operation 19 [1/1] (0.00ns)   --->   "call void (...)* @_ssdm_op_SpecInterface(i8* %res_V_data_20_V, [8 x i8]* @ap_fifo_str, i32 0, i32 0, [1 x i8]* @p_str654, i32 0, i32 0, [1 x i8]* @p_str655, [1 x i8]* @p_str656, [1 x i8]* @p_str657, i32 2, i32 2, i32 16, i32 16, [1 x i8]* @p_str658, [1 x i8]* @p_str659)"   --->   Operation 19 'specinterface' <Predicate = true> <Delay = 0.00>
ST_1 : Operation 20 [1/1] (0.00ns)   --->   "call void (...)* @_ssdm_op_SpecInterface(i8* %res_V_data_19_V, [8 x i8]* @ap_fifo_str, i32 0, i32 0, [1 x i8]* @p_str647, i32 0, i32 0, [1 x i8]* @p_str648, [1 x i8]* @p_str649, [1 x i8]* @p_str650, i32 2, i32 2, i32 16, i32 16, [1 x i8]* @p_str651, [1 x i8]* @p_str652)"   --->   Operation 20 'specinterface' <Predicate = true> <Delay = 0.00>
ST_1 : Operation 21 [1/1] (0.00ns)   --->   "call void (...)* @_ssdm_op_SpecInterface(i8* %res_V_data_18_V, [8 x i8]* @ap_fifo_str, i32 0, i32 0, [1 x i8]* @p_str640, i32 0, i32 0, [1 x i8]* @p_str641, [1 x i8]* @p_str642, [1 x i8]* @p_str643, i32 2, i32 2, i32 16, i32 16, [1 x i8]* @p_str644, [1 x i8]* @p_str645)"   --->   Operation 21 'specinterface' <Predicate = true> <Delay = 0.00>
ST_1 : Operation 22 [1/1] (0.00ns)   --->   "call void (...)* @_ssdm_op_SpecInterface(i8* %res_V_data_17_V, [8 x i8]* @ap_fifo_str, i32 0, i32 0, [1 x i8]* @p_str633, i32 0, i32 0, [1 x i8]* @p_str634, [1 x i8]* @p_str635, [1 x i8]* @p_str636, i32 2, i32 2, i32 16, i32 16, [1 x i8]* @p_str637, [1 x i8]* @p_str638)"   --->   Operation 22 'specinterface' <Predicate = true> <Delay = 0.00>
ST_1 : Operation 23 [1/1] (0.00ns)   --->   "call void (...)* @_ssdm_op_SpecInterface(i8* %res_V_data_16_V, [8 x i8]* @ap_fifo_str, i32 0, i32 0, [1 x i8]* @p_str626, i32 0, i32 0, [1 x i8]* @p_str627, [1 x i8]* @p_str628, [1 x i8]* @p_str629, i32 2, i32 2, i32 16, i32 16, [1 x i8]* @p_str630, [1 x i8]* @p_str631)"   --->   Operation 23 'specinterface' <Predicate = true> <Delay = 0.00>
ST_1 : Operation 24 [1/1] (0.00ns)   --->   "call void (...)* @_ssdm_op_SpecInterface(i8* %res_V_data_15_V, [8 x i8]* @ap_fifo_str, i32 0, i32 0, [1 x i8]* @p_str619, i32 0, i32 0, [1 x i8]* @p_str620, [1 x i8]* @p_str621, [1 x i8]* @p_str622, i32 2, i32 2, i32 16, i32 16, [1 x i8]* @p_str623, [1 x i8]* @p_str624)"   --->   Operation 24 'specinterface' <Predicate = true> <Delay = 0.00>
ST_1 : Operation 25 [1/1] (0.00ns)   --->   "call void (...)* @_ssdm_op_SpecInterface(i8* %res_V_data_14_V, [8 x i8]* @ap_fifo_str, i32 0, i32 0, [1 x i8]* @p_str612, i32 0, i32 0, [1 x i8]* @p_str613, [1 x i8]* @p_str614, [1 x i8]* @p_str615, i32 2, i32 2, i32 16, i32 16, [1 x i8]* @p_str616, [1 x i8]* @p_str617)"   --->   Operation 25 'specinterface' <Predicate = true> <Delay = 0.00>
ST_1 : Operation 26 [1/1] (0.00ns)   --->   "call void (...)* @_ssdm_op_SpecInterface(i8* %res_V_data_13_V, [8 x i8]* @ap_fifo_str, i32 0, i32 0, [1 x i8]* @p_str605, i32 0, i32 0, [1 x i8]* @p_str606, [1 x i8]* @p_str607, [1 x i8]* @p_str608, i32 2, i32 2, i32 16, i32 16, [1 x i8]* @p_str609, [1 x i8]* @p_str610)"   --->   Operation 26 'specinterface' <Predicate = true> <Delay = 0.00>
ST_1 : Operation 27 [1/1] (0.00ns)   --->   "call void (...)* @_ssdm_op_SpecInterface(i8* %res_V_data_12_V, [8 x i8]* @ap_fifo_str, i32 0, i32 0, [1 x i8]* @p_str598, i32 0, i32 0, [1 x i8]* @p_str599, [1 x i8]* @p_str600, [1 x i8]* @p_str601, i32 2, i32 2, i32 16, i32 16, [1 x i8]* @p_str602, [1 x i8]* @p_str603)"   --->   Operation 27 'specinterface' <Predicate = true> <Delay = 0.00>
ST_1 : Operation 28 [1/1] (0.00ns)   --->   "call void (...)* @_ssdm_op_SpecInterface(i8* %res_V_data_11_V, [8 x i8]* @ap_fifo_str, i32 0, i32 0, [1 x i8]* @p_str591, i32 0, i32 0, [1 x i8]* @p_str592, [1 x i8]* @p_str593, [1 x i8]* @p_str594, i32 2, i32 2, i32 16, i32 16, [1 x i8]* @p_str595, [1 x i8]* @p_str596)"   --->   Operation 28 'specinterface' <Predicate = true> <Delay = 0.00>
ST_1 : Operation 29 [1/1] (0.00ns)   --->   "call void (...)* @_ssdm_op_SpecInterface(i8* %res_V_data_10_V, [8 x i8]* @ap_fifo_str, i32 0, i32 0, [1 x i8]* @p_str584, i32 0, i32 0, [1 x i8]* @p_str585, [1 x i8]* @p_str586, [1 x i8]* @p_str587, i32 2, i32 2, i32 16, i32 16, [1 x i8]* @p_str588, [1 x i8]* @p_str589)"   --->   Operation 29 'specinterface' <Predicate = true> <Delay = 0.00>
ST_1 : Operation 30 [1/1] (0.00ns)   --->   "call void (...)* @_ssdm_op_SpecInterface(i8* %res_V_data_9_V, [8 x i8]* @ap_fifo_str, i32 0, i32 0, [1 x i8]* @p_str577, i32 0, i32 0, [1 x i8]* @p_str578, [1 x i8]* @p_str579, [1 x i8]* @p_str580, i32 2, i32 2, i32 16, i32 16, [1 x i8]* @p_str581, [1 x i8]* @p_str582)"   --->   Operation 30 'specinterface' <Predicate = true> <Delay = 0.00>
ST_1 : Operation 31 [1/1] (0.00ns)   --->   "call void (...)* @_ssdm_op_SpecInterface(i8* %res_V_data_8_V, [8 x i8]* @ap_fifo_str, i32 0, i32 0, [1 x i8]* @p_str570, i32 0, i32 0, [1 x i8]* @p_str571, [1 x i8]* @p_str572, [1 x i8]* @p_str573, i32 2, i32 2, i32 16, i32 16, [1 x i8]* @p_str574, [1 x i8]* @p_str575)"   --->   Operation 31 'specinterface' <Predicate = true> <Delay = 0.00>
ST_1 : Operation 32 [1/1] (0.00ns)   --->   "call void (...)* @_ssdm_op_SpecInterface(i8* %res_V_data_7_V, [8 x i8]* @ap_fifo_str, i32 0, i32 0, [1 x i8]* @p_str563, i32 0, i32 0, [1 x i8]* @p_str564, [1 x i8]* @p_str565, [1 x i8]* @p_str566, i32 2, i32 2, i32 16, i32 16, [1 x i8]* @p_str567, [1 x i8]* @p_str568)"   --->   Operation 32 'specinterface' <Predicate = true> <Delay = 0.00>
ST_1 : Operation 33 [1/1] (0.00ns)   --->   "call void (...)* @_ssdm_op_SpecInterface(i8* %res_V_data_6_V, [8 x i8]* @ap_fifo_str, i32 0, i32 0, [1 x i8]* @p_str556, i32 0, i32 0, [1 x i8]* @p_str557, [1 x i8]* @p_str558, [1 x i8]* @p_str559, i32 2, i32 2, i32 16, i32 16, [1 x i8]* @p_str560, [1 x i8]* @p_str561)"   --->   Operation 33 'specinterface' <Predicate = true> <Delay = 0.00>
ST_1 : Operation 34 [1/1] (0.00ns)   --->   "call void (...)* @_ssdm_op_SpecInterface(i8* %res_V_data_5_V, [8 x i8]* @ap_fifo_str, i32 0, i32 0, [1 x i8]* @p_str549, i32 0, i32 0, [1 x i8]* @p_str550, [1 x i8]* @p_str551, [1 x i8]* @p_str552, i32 2, i32 2, i32 16, i32 16, [1 x i8]* @p_str553, [1 x i8]* @p_str554)"   --->   Operation 34 'specinterface' <Predicate = true> <Delay = 0.00>
ST_1 : Operation 35 [1/1] (0.00ns)   --->   "call void (...)* @_ssdm_op_SpecInterface(i8* %res_V_data_4_V, [8 x i8]* @ap_fifo_str, i32 0, i32 0, [1 x i8]* @p_str542, i32 0, i32 0, [1 x i8]* @p_str543, [1 x i8]* @p_str544, [1 x i8]* @p_str545, i32 2, i32 2, i32 16, i32 16, [1 x i8]* @p_str546, [1 x i8]* @p_str547)"   --->   Operation 35 'specinterface' <Predicate = true> <Delay = 0.00>
ST_1 : Operation 36 [1/1] (0.00ns)   --->   "call void (...)* @_ssdm_op_SpecInterface(i8* %res_V_data_3_V, [8 x i8]* @ap_fifo_str, i32 0, i32 0, [1 x i8]* @p_str535, i32 0, i32 0, [1 x i8]* @p_str536, [1 x i8]* @p_str537, [1 x i8]* @p_str538, i32 2, i32 2, i32 16, i32 16, [1 x i8]* @p_str539, [1 x i8]* @p_str540)"   --->   Operation 36 'specinterface' <Predicate = true> <Delay = 0.00>
ST_1 : Operation 37 [1/1] (0.00ns)   --->   "call void (...)* @_ssdm_op_SpecInterface(i8* %res_V_data_2_V, [8 x i8]* @ap_fifo_str, i32 0, i32 0, [1 x i8]* @p_str528, i32 0, i32 0, [1 x i8]* @p_str529, [1 x i8]* @p_str530, [1 x i8]* @p_str531, i32 2, i32 2, i32 16, i32 16, [1 x i8]* @p_str532, [1 x i8]* @p_str533)"   --->   Operation 37 'specinterface' <Predicate = true> <Delay = 0.00>
ST_1 : Operation 38 [1/1] (0.00ns)   --->   "call void (...)* @_ssdm_op_SpecInterface(i8* %res_V_data_1_V, [8 x i8]* @ap_fifo_str, i32 0, i32 0, [1 x i8]* @p_str521, i32 0, i32 0, [1 x i8]* @p_str522, [1 x i8]* @p_str523, [1 x i8]* @p_str524, i32 2, i32 2, i32 16, i32 16, [1 x i8]* @p_str525, [1 x i8]* @p_str526)"   --->   Operation 38 'specinterface' <Predicate = true> <Delay = 0.00>
ST_1 : Operation 39 [1/1] (0.00ns)   --->   "call void (...)* @_ssdm_op_SpecInterface(i8* %res_V_data_0_V, [8 x i8]* @ap_fifo_str, i32 0, i32 0, [1 x i8]* @p_str514, i32 0, i32 0, [1 x i8]* @p_str515, [1 x i8]* @p_str516, [1 x i8]* @p_str517, i32 2, i32 2, i32 16, i32 16, [1 x i8]* @p_str518, [1 x i8]* @p_str519)"   --->   Operation 39 'specinterface' <Predicate = true> <Delay = 0.00>
ST_1 : Operation 40 [1/1] (0.00ns)   --->   "call void (...)* @_ssdm_op_SpecInterface(i8* %data_V_data_31_V, [8 x i8]* @ap_fifo_str, i32 0, i32 0, [1 x i8]* @p_str507, i32 0, i32 0, [1 x i8]* @p_str508, [1 x i8]* @p_str509, [1 x i8]* @p_str510, i32 2, i32 2, i32 16, i32 16, [1 x i8]* @p_str511, [1 x i8]* @p_str512)"   --->   Operation 40 'specinterface' <Predicate = true> <Delay = 0.00>
ST_1 : Operation 41 [1/1] (0.00ns)   --->   "call void (...)* @_ssdm_op_SpecInterface(i8* %data_V_data_30_V, [8 x i8]* @ap_fifo_str, i32 0, i32 0, [1 x i8]* @p_str500, i32 0, i32 0, [1 x i8]* @p_str501, [1 x i8]* @p_str502, [1 x i8]* @p_str503, i32 2, i32 2, i32 16, i32 16, [1 x i8]* @p_str504, [1 x i8]* @p_str505)"   --->   Operation 41 'specinterface' <Predicate = true> <Delay = 0.00>
ST_1 : Operation 42 [1/1] (0.00ns)   --->   "call void (...)* @_ssdm_op_SpecInterface(i8* %data_V_data_29_V, [8 x i8]* @ap_fifo_str, i32 0, i32 0, [1 x i8]* @p_str493, i32 0, i32 0, [1 x i8]* @p_str494, [1 x i8]* @p_str495, [1 x i8]* @p_str496, i32 2, i32 2, i32 16, i32 16, [1 x i8]* @p_str497, [1 x i8]* @p_str498)"   --->   Operation 42 'specinterface' <Predicate = true> <Delay = 0.00>
ST_1 : Operation 43 [1/1] (0.00ns)   --->   "call void (...)* @_ssdm_op_SpecInterface(i8* %data_V_data_28_V, [8 x i8]* @ap_fifo_str, i32 0, i32 0, [1 x i8]* @p_str486, i32 0, i32 0, [1 x i8]* @p_str487, [1 x i8]* @p_str488, [1 x i8]* @p_str489, i32 2, i32 2, i32 16, i32 16, [1 x i8]* @p_str490, [1 x i8]* @p_str491)"   --->   Operation 43 'specinterface' <Predicate = true> <Delay = 0.00>
ST_1 : Operation 44 [1/1] (0.00ns)   --->   "call void (...)* @_ssdm_op_SpecInterface(i8* %data_V_data_27_V, [8 x i8]* @ap_fifo_str, i32 0, i32 0, [1 x i8]* @p_str479, i32 0, i32 0, [1 x i8]* @p_str480, [1 x i8]* @p_str481, [1 x i8]* @p_str482, i32 2, i32 2, i32 16, i32 16, [1 x i8]* @p_str483, [1 x i8]* @p_str484)"   --->   Operation 44 'specinterface' <Predicate = true> <Delay = 0.00>
ST_1 : Operation 45 [1/1] (0.00ns)   --->   "call void (...)* @_ssdm_op_SpecInterface(i8* %data_V_data_26_V, [8 x i8]* @ap_fifo_str, i32 0, i32 0, [1 x i8]* @p_str472, i32 0, i32 0, [1 x i8]* @p_str473, [1 x i8]* @p_str474, [1 x i8]* @p_str475, i32 2, i32 2, i32 16, i32 16, [1 x i8]* @p_str476, [1 x i8]* @p_str477)"   --->   Operation 45 'specinterface' <Predicate = true> <Delay = 0.00>
ST_1 : Operation 46 [1/1] (0.00ns)   --->   "call void (...)* @_ssdm_op_SpecInterface(i8* %data_V_data_25_V, [8 x i8]* @ap_fifo_str, i32 0, i32 0, [1 x i8]* @p_str465, i32 0, i32 0, [1 x i8]* @p_str466, [1 x i8]* @p_str467, [1 x i8]* @p_str468, i32 2, i32 2, i32 16, i32 16, [1 x i8]* @p_str469, [1 x i8]* @p_str470)"   --->   Operation 46 'specinterface' <Predicate = true> <Delay = 0.00>
ST_1 : Operation 47 [1/1] (0.00ns)   --->   "call void (...)* @_ssdm_op_SpecInterface(i8* %data_V_data_24_V, [8 x i8]* @ap_fifo_str, i32 0, i32 0, [1 x i8]* @p_str458, i32 0, i32 0, [1 x i8]* @p_str459, [1 x i8]* @p_str460, [1 x i8]* @p_str461, i32 2, i32 2, i32 16, i32 16, [1 x i8]* @p_str462, [1 x i8]* @p_str463)"   --->   Operation 47 'specinterface' <Predicate = true> <Delay = 0.00>
ST_1 : Operation 48 [1/1] (0.00ns)   --->   "call void (...)* @_ssdm_op_SpecInterface(i8* %data_V_data_23_V, [8 x i8]* @ap_fifo_str, i32 0, i32 0, [1 x i8]* @p_str451, i32 0, i32 0, [1 x i8]* @p_str452, [1 x i8]* @p_str453, [1 x i8]* @p_str454, i32 2, i32 2, i32 16, i32 16, [1 x i8]* @p_str455, [1 x i8]* @p_str456)"   --->   Operation 48 'specinterface' <Predicate = true> <Delay = 0.00>
ST_1 : Operation 49 [1/1] (0.00ns)   --->   "call void (...)* @_ssdm_op_SpecInterface(i8* %data_V_data_22_V, [8 x i8]* @ap_fifo_str, i32 0, i32 0, [1 x i8]* @p_str444, i32 0, i32 0, [1 x i8]* @p_str445, [1 x i8]* @p_str446, [1 x i8]* @p_str447, i32 2, i32 2, i32 16, i32 16, [1 x i8]* @p_str448, [1 x i8]* @p_str449)"   --->   Operation 49 'specinterface' <Predicate = true> <Delay = 0.00>
ST_1 : Operation 50 [1/1] (0.00ns)   --->   "call void (...)* @_ssdm_op_SpecInterface(i8* %data_V_data_21_V, [8 x i8]* @ap_fifo_str, i32 0, i32 0, [1 x i8]* @p_str437, i32 0, i32 0, [1 x i8]* @p_str438, [1 x i8]* @p_str439, [1 x i8]* @p_str440, i32 2, i32 2, i32 16, i32 16, [1 x i8]* @p_str441, [1 x i8]* @p_str442)"   --->   Operation 50 'specinterface' <Predicate = true> <Delay = 0.00>
ST_1 : Operation 51 [1/1] (0.00ns)   --->   "call void (...)* @_ssdm_op_SpecInterface(i8* %data_V_data_20_V, [8 x i8]* @ap_fifo_str, i32 0, i32 0, [1 x i8]* @p_str430, i32 0, i32 0, [1 x i8]* @p_str431, [1 x i8]* @p_str432, [1 x i8]* @p_str433, i32 2, i32 2, i32 16, i32 16, [1 x i8]* @p_str434, [1 x i8]* @p_str435)"   --->   Operation 51 'specinterface' <Predicate = true> <Delay = 0.00>
ST_1 : Operation 52 [1/1] (0.00ns)   --->   "call void (...)* @_ssdm_op_SpecInterface(i8* %data_V_data_19_V, [8 x i8]* @ap_fifo_str, i32 0, i32 0, [1 x i8]* @p_str423, i32 0, i32 0, [1 x i8]* @p_str424, [1 x i8]* @p_str425, [1 x i8]* @p_str426, i32 2, i32 2, i32 16, i32 16, [1 x i8]* @p_str427, [1 x i8]* @p_str428)"   --->   Operation 52 'specinterface' <Predicate = true> <Delay = 0.00>
ST_1 : Operation 53 [1/1] (0.00ns)   --->   "call void (...)* @_ssdm_op_SpecInterface(i8* %data_V_data_18_V, [8 x i8]* @ap_fifo_str, i32 0, i32 0, [1 x i8]* @p_str416, i32 0, i32 0, [1 x i8]* @p_str417, [1 x i8]* @p_str418, [1 x i8]* @p_str419, i32 2, i32 2, i32 16, i32 16, [1 x i8]* @p_str420, [1 x i8]* @p_str421)"   --->   Operation 53 'specinterface' <Predicate = true> <Delay = 0.00>
ST_1 : Operation 54 [1/1] (0.00ns)   --->   "call void (...)* @_ssdm_op_SpecInterface(i8* %data_V_data_17_V, [8 x i8]* @ap_fifo_str, i32 0, i32 0, [1 x i8]* @p_str409, i32 0, i32 0, [1 x i8]* @p_str410, [1 x i8]* @p_str411, [1 x i8]* @p_str412, i32 2, i32 2, i32 16, i32 16, [1 x i8]* @p_str413, [1 x i8]* @p_str414)"   --->   Operation 54 'specinterface' <Predicate = true> <Delay = 0.00>
ST_1 : Operation 55 [1/1] (0.00ns)   --->   "call void (...)* @_ssdm_op_SpecInterface(i8* %data_V_data_16_V, [8 x i8]* @ap_fifo_str, i32 0, i32 0, [1 x i8]* @p_str402, i32 0, i32 0, [1 x i8]* @p_str403, [1 x i8]* @p_str404, [1 x i8]* @p_str405, i32 2, i32 2, i32 16, i32 16, [1 x i8]* @p_str406, [1 x i8]* @p_str407)"   --->   Operation 55 'specinterface' <Predicate = true> <Delay = 0.00>
ST_1 : Operation 56 [1/1] (0.00ns)   --->   "call void (...)* @_ssdm_op_SpecInterface(i8* %data_V_data_15_V, [8 x i8]* @ap_fifo_str, i32 0, i32 0, [1 x i8]* @p_str395, i32 0, i32 0, [1 x i8]* @p_str396, [1 x i8]* @p_str397, [1 x i8]* @p_str398, i32 2, i32 2, i32 16, i32 16, [1 x i8]* @p_str399, [1 x i8]* @p_str400)"   --->   Operation 56 'specinterface' <Predicate = true> <Delay = 0.00>
ST_1 : Operation 57 [1/1] (0.00ns)   --->   "call void (...)* @_ssdm_op_SpecInterface(i8* %data_V_data_14_V, [8 x i8]* @ap_fifo_str, i32 0, i32 0, [1 x i8]* @p_str388, i32 0, i32 0, [1 x i8]* @p_str389, [1 x i8]* @p_str390, [1 x i8]* @p_str391, i32 2, i32 2, i32 16, i32 16, [1 x i8]* @p_str392, [1 x i8]* @p_str393)"   --->   Operation 57 'specinterface' <Predicate = true> <Delay = 0.00>
ST_1 : Operation 58 [1/1] (0.00ns)   --->   "call void (...)* @_ssdm_op_SpecInterface(i8* %data_V_data_13_V, [8 x i8]* @ap_fifo_str, i32 0, i32 0, [1 x i8]* @p_str381, i32 0, i32 0, [1 x i8]* @p_str382, [1 x i8]* @p_str383, [1 x i8]* @p_str384, i32 2, i32 2, i32 16, i32 16, [1 x i8]* @p_str385, [1 x i8]* @p_str386)"   --->   Operation 58 'specinterface' <Predicate = true> <Delay = 0.00>
ST_1 : Operation 59 [1/1] (0.00ns)   --->   "call void (...)* @_ssdm_op_SpecInterface(i8* %data_V_data_12_V, [8 x i8]* @ap_fifo_str, i32 0, i32 0, [1 x i8]* @p_str374, i32 0, i32 0, [1 x i8]* @p_str375, [1 x i8]* @p_str376, [1 x i8]* @p_str377, i32 2, i32 2, i32 16, i32 16, [1 x i8]* @p_str378, [1 x i8]* @p_str379)"   --->   Operation 59 'specinterface' <Predicate = true> <Delay = 0.00>
ST_1 : Operation 60 [1/1] (0.00ns)   --->   "call void (...)* @_ssdm_op_SpecInterface(i8* %data_V_data_11_V, [8 x i8]* @ap_fifo_str, i32 0, i32 0, [1 x i8]* @p_str367, i32 0, i32 0, [1 x i8]* @p_str368, [1 x i8]* @p_str369, [1 x i8]* @p_str370, i32 2, i32 2, i32 16, i32 16, [1 x i8]* @p_str371, [1 x i8]* @p_str372)"   --->   Operation 60 'specinterface' <Predicate = true> <Delay = 0.00>
ST_1 : Operation 61 [1/1] (0.00ns)   --->   "call void (...)* @_ssdm_op_SpecInterface(i8* %data_V_data_10_V, [8 x i8]* @ap_fifo_str, i32 0, i32 0, [1 x i8]* @p_str360, i32 0, i32 0, [1 x i8]* @p_str361, [1 x i8]* @p_str362, [1 x i8]* @p_str363, i32 2, i32 2, i32 16, i32 16, [1 x i8]* @p_str364, [1 x i8]* @p_str365)"   --->   Operation 61 'specinterface' <Predicate = true> <Delay = 0.00>
ST_1 : Operation 62 [1/1] (0.00ns)   --->   "call void (...)* @_ssdm_op_SpecInterface(i8* %data_V_data_9_V, [8 x i8]* @ap_fifo_str, i32 0, i32 0, [1 x i8]* @p_str353, i32 0, i32 0, [1 x i8]* @p_str354, [1 x i8]* @p_str355, [1 x i8]* @p_str356, i32 2, i32 2, i32 16, i32 16, [1 x i8]* @p_str357, [1 x i8]* @p_str358)"   --->   Operation 62 'specinterface' <Predicate = true> <Delay = 0.00>
ST_1 : Operation 63 [1/1] (0.00ns)   --->   "call void (...)* @_ssdm_op_SpecInterface(i8* %data_V_data_8_V, [8 x i8]* @ap_fifo_str, i32 0, i32 0, [1 x i8]* @p_str346, i32 0, i32 0, [1 x i8]* @p_str347, [1 x i8]* @p_str348, [1 x i8]* @p_str349, i32 2, i32 2, i32 16, i32 16, [1 x i8]* @p_str350, [1 x i8]* @p_str351)"   --->   Operation 63 'specinterface' <Predicate = true> <Delay = 0.00>
ST_1 : Operation 64 [1/1] (0.00ns)   --->   "call void (...)* @_ssdm_op_SpecInterface(i8* %data_V_data_7_V, [8 x i8]* @ap_fifo_str, i32 0, i32 0, [1 x i8]* @p_str339, i32 0, i32 0, [1 x i8]* @p_str340, [1 x i8]* @p_str341, [1 x i8]* @p_str342, i32 2, i32 2, i32 16, i32 16, [1 x i8]* @p_str343, [1 x i8]* @p_str344)"   --->   Operation 64 'specinterface' <Predicate = true> <Delay = 0.00>
ST_1 : Operation 65 [1/1] (0.00ns)   --->   "call void (...)* @_ssdm_op_SpecInterface(i8* %data_V_data_6_V, [8 x i8]* @ap_fifo_str, i32 0, i32 0, [1 x i8]* @p_str332, i32 0, i32 0, [1 x i8]* @p_str333, [1 x i8]* @p_str334, [1 x i8]* @p_str335, i32 2, i32 2, i32 16, i32 16, [1 x i8]* @p_str336, [1 x i8]* @p_str337)"   --->   Operation 65 'specinterface' <Predicate = true> <Delay = 0.00>
ST_1 : Operation 66 [1/1] (0.00ns)   --->   "call void (...)* @_ssdm_op_SpecInterface(i8* %data_V_data_5_V, [8 x i8]* @ap_fifo_str, i32 0, i32 0, [1 x i8]* @p_str325, i32 0, i32 0, [1 x i8]* @p_str326, [1 x i8]* @p_str327, [1 x i8]* @p_str328, i32 2, i32 2, i32 16, i32 16, [1 x i8]* @p_str329, [1 x i8]* @p_str330)"   --->   Operation 66 'specinterface' <Predicate = true> <Delay = 0.00>
ST_1 : Operation 67 [1/1] (0.00ns)   --->   "call void (...)* @_ssdm_op_SpecInterface(i8* %data_V_data_4_V, [8 x i8]* @ap_fifo_str, i32 0, i32 0, [1 x i8]* @p_str318, i32 0, i32 0, [1 x i8]* @p_str319, [1 x i8]* @p_str320, [1 x i8]* @p_str321, i32 2, i32 2, i32 16, i32 16, [1 x i8]* @p_str322, [1 x i8]* @p_str323)"   --->   Operation 67 'specinterface' <Predicate = true> <Delay = 0.00>
ST_1 : Operation 68 [1/1] (0.00ns)   --->   "call void (...)* @_ssdm_op_SpecInterface(i8* %data_V_data_3_V, [8 x i8]* @ap_fifo_str, i32 0, i32 0, [1 x i8]* @p_str311, i32 0, i32 0, [1 x i8]* @p_str312, [1 x i8]* @p_str313, [1 x i8]* @p_str314, i32 2, i32 2, i32 16, i32 16, [1 x i8]* @p_str315, [1 x i8]* @p_str316)"   --->   Operation 68 'specinterface' <Predicate = true> <Delay = 0.00>
ST_1 : Operation 69 [1/1] (0.00ns)   --->   "call void (...)* @_ssdm_op_SpecInterface(i8* %data_V_data_2_V, [8 x i8]* @ap_fifo_str, i32 0, i32 0, [1 x i8]* @p_str304, i32 0, i32 0, [1 x i8]* @p_str305, [1 x i8]* @p_str306, [1 x i8]* @p_str307, i32 2, i32 2, i32 16, i32 16, [1 x i8]* @p_str308, [1 x i8]* @p_str309)"   --->   Operation 69 'specinterface' <Predicate = true> <Delay = 0.00>
ST_1 : Operation 70 [1/1] (0.00ns)   --->   "call void (...)* @_ssdm_op_SpecInterface(i8* %data_V_data_1_V, [8 x i8]* @ap_fifo_str, i32 0, i32 0, [1 x i8]* @p_str297, i32 0, i32 0, [1 x i8]* @p_str298, [1 x i8]* @p_str299, [1 x i8]* @p_str300, i32 2, i32 2, i32 16, i32 16, [1 x i8]* @p_str301, [1 x i8]* @p_str302)"   --->   Operation 70 'specinterface' <Predicate = true> <Delay = 0.00>
ST_1 : Operation 71 [1/1] (0.00ns)   --->   "call void (...)* @_ssdm_op_SpecInterface(i8* %data_V_data_0_V, [8 x i8]* @ap_fifo_str, i32 0, i32 0, [1 x i8]* @p_str290, i32 0, i32 0, [1 x i8]* @p_str291, [1 x i8]* @p_str292, [1 x i8]* @p_str293, i32 2, i32 2, i32 16, i32 16, [1 x i8]* @p_str294, [1 x i8]* @p_str295)"   --->   Operation 71 'specinterface' <Predicate = true> <Delay = 0.00>
ST_1 : Operation 72 [1/1] (0.00ns)   --->   "call void (...)* @_ssdm_op_SpecLoopName([7 x i8]* @p_str53) nounwind" [firmware/nnet_utils/nnet_padding_stream.h:55]   --->   Operation 72 'specloopname' <Predicate = true> <Delay = 0.00>
ST_1 : Operation 73 [1/1] (0.00ns)   --->   "%tmp = call i32 (...)* @_ssdm_op_SpecRegionBegin([7 x i8]* @p_str53)" [firmware/nnet_utils/nnet_padding_stream.h:55]   --->   Operation 73 'specregionbegin' 'tmp' <Predicate = true> <Delay = 0.00>
ST_1 : Operation 74 [1/1] (1.76ns)   --->   "br label %0" [firmware/nnet_utils/nnet_padding_stream.h:56]   --->   Operation 74 'br' <Predicate = true> <Delay = 1.76>

State 2 <SV = 1> <Delay = 3.63>
ST_2 : Operation 75 [1/1] (0.00ns)   --->   "%j_0 = phi i6 [ 0, %PadTop_begin ], [ %j, %_ZrsILi32ELb0EEN11ap_int_baseIXT_EXT0_EE5RTypeIXT_EXT0_EE4arg1ERKS1_i.exit2.i.i.i.i.i47.0 ]"   --->   Operation 75 'phi' 'j_0' <Predicate = true> <Delay = 0.00>
ST_2 : Operation 76 [1/1] (1.42ns)   --->   "%icmp_ln56 = icmp eq i6 %j_0, -29" [firmware/nnet_utils/nnet_padding_stream.h:56]   --->   Operation 76 'icmp' 'icmp_ln56' <Predicate = true> <Delay = 1.42> <Core = "Cmp">   --->   Core 25 'Cmp' <Latency = 0> <II = 1> <Delay = 1.42> <FuncUnit> <Opcode : 'icmp'> <InPorts = 2> <OutPorts = 1>
ST_2 : Operation 77 [1/1] (0.00ns)   --->   "%empty = call i32 (...)* @_ssdm_op_SpecLoopTripCount(i64 35, i64 35, i64 35)"   --->   Operation 77 'speclooptripcount' 'empty' <Predicate = true> <Delay = 0.00>
ST_2 : Operation 78 [1/1] (1.82ns)   --->   "%j = add i6 %j_0, 1" [firmware/nnet_utils/nnet_padding_stream.h:56]   --->   Operation 78 'add' 'j' <Predicate = true> <Delay = 1.82> <Core = "AddSub">   --->   Core 14 'AddSub' <Latency = 0> <II = 1> <Delay = 1.82> <FuncUnit> <Opcode : 'add' 'sub'> <InPorts = 2> <OutPorts = 1>
ST_2 : Operation 79 [1/1] (0.00ns)   --->   "br i1 %icmp_ln56, label %PadTop_end, label %_ZrsILi32ELb0EEN11ap_int_baseIXT_EXT0_EE5RTypeIXT_EXT0_EE4arg1ERKS1_i.exit2.i.i.i.i.i47.0" [firmware/nnet_utils/nnet_padding_stream.h:56]   --->   Operation 79 'br' <Predicate = true> <Delay = 0.00>
ST_2 : Operation 80 [1/1] (0.00ns)   --->   "call void (...)* @_ssdm_op_SpecLoopName([12 x i8]* @p_str54) nounwind" [firmware/nnet_utils/nnet_padding_stream.h:56]   --->   Operation 80 'specloopname' <Predicate = (!icmp_ln56)> <Delay = 0.00>
ST_2 : Operation 81 [1/1] (3.63ns)   --->   "call void @_ssdm_op_Write.ap_fifo.volatile.i8P.i8P.i8P.i8P.i8P.i8P.i8P.i8P.i8P.i8P.i8P.i8P.i8P.i8P.i8P.i8P.i8P.i8P.i8P.i8P.i8P.i8P.i8P.i8P.i8P.i8P.i8P.i8P.i8P.i8P.i8P.i8P(i8* %res_V_data_0_V, i8* %res_V_data_1_V, i8* %res_V_data_2_V, i8* %res_V_data_3_V, i8* %res_V_data_4_V, i8* %res_V_data_5_V, i8* %res_V_data_6_V, i8* %res_V_data_7_V, i8* %res_V_data_8_V, i8* %res_V_data_9_V, i8* %res_V_data_10_V, i8* %res_V_data_11_V, i8* %res_V_data_12_V, i8* %res_V_data_13_V, i8* %res_V_data_14_V, i8* %res_V_data_15_V, i8* %res_V_data_16_V, i8* %res_V_data_17_V, i8* %res_V_data_18_V, i8* %res_V_data_19_V, i8* %res_V_data_20_V, i8* %res_V_data_21_V, i8* %res_V_data_22_V, i8* %res_V_data_23_V, i8* %res_V_data_24_V, i8* %res_V_data_25_V, i8* %res_V_data_26_V, i8* %res_V_data_27_V, i8* %res_V_data_28_V, i8* %res_V_data_29_V, i8* %res_V_data_30_V, i8* %res_V_data_31_V, i8 0, i8 0, i8 0, i8 0, i8 0, i8 0, i8 0, i8 0, i8 0, i8 0, i8 0, i8 0, i8 0, i8 0, i8 0, i8 0, i8 0, i8 0, i8 0, i8 0, i8 0, i8 0, i8 0, i8 0, i8 0, i8 0, i8 0, i8 0, i8 0, i8 0, i8 0, i8 0)" [firmware/nnet_utils/nnet_padding_stream.h:16->firmware/nnet_utils/nnet_padding_stream.h:57]   --->   Operation 81 'write' <Predicate = (!icmp_ln56)> <Delay = 3.63> <Core = "FIFO_SRL">   --->   Core 36 'FIFO_SRL' <Latency = 0> <II = 1> <Delay = 3.63> <Storage> <Opcode : 'read' 'write' 'nbread' 'nbwrite'> <Ports = 0> <Width = 8> <Depth = 0> <FIFO>
ST_2 : Operation 82 [1/1] (0.00ns)   --->   "br label %0" [firmware/nnet_utils/nnet_padding_stream.h:56]   --->   Operation 82 'br' <Predicate = (!icmp_ln56)> <Delay = 0.00>
ST_2 : Operation 83 [1/1] (0.00ns)   --->   "%empty_37 = call i32 (...)* @_ssdm_op_SpecRegionEnd([7 x i8]* @p_str53, i32 %tmp)" [firmware/nnet_utils/nnet_padding_stream.h:59]   --->   Operation 83 'specregionend' 'empty_37' <Predicate = (icmp_ln56)> <Delay = 0.00>
ST_2 : Operation 84 [1/1] (1.76ns)   --->   "br label %.preheader3" [firmware/nnet_utils/nnet_padding_stream.h:61]   --->   Operation 84 'br' <Predicate = (icmp_ln56)> <Delay = 1.76>

State 3 <SV = 2> <Delay = 3.63>
ST_3 : Operation 85 [1/1] (0.00ns)   --->   "%i1_0 = phi i6 [ %i_3, %PadMain_end ], [ 0, %PadTop_end ]"   --->   Operation 85 'phi' 'i1_0' <Predicate = true> <Delay = 0.00>
ST_3 : Operation 86 [1/1] (1.42ns)   --->   "%icmp_ln61 = icmp eq i6 %i1_0, -32" [firmware/nnet_utils/nnet_padding_stream.h:61]   --->   Operation 86 'icmp' 'icmp_ln61' <Predicate = true> <Delay = 1.42> <Core = "Cmp">   --->   Core 25 'Cmp' <Latency = 0> <II = 1> <Delay = 1.42> <FuncUnit> <Opcode : 'icmp'> <InPorts = 2> <OutPorts = 1>
ST_3 : Operation 87 [1/1] (0.00ns)   --->   "%empty_38 = call i32 (...)* @_ssdm_op_SpecLoopTripCount(i64 32, i64 32, i64 32)"   --->   Operation 87 'speclooptripcount' 'empty_38' <Predicate = true> <Delay = 0.00>
ST_3 : Operation 88 [1/1] (1.82ns)   --->   "%i_3 = add i6 %i1_0, 1" [firmware/nnet_utils/nnet_padding_stream.h:61]   --->   Operation 88 'add' 'i_3' <Predicate = true> <Delay = 1.82> <Core = "AddSub">   --->   Core 14 'AddSub' <Latency = 0> <II = 1> <Delay = 1.82> <FuncUnit> <Opcode : 'add' 'sub'> <InPorts = 2> <OutPorts = 1>
ST_3 : Operation 89 [1/1] (0.00ns)   --->   "br i1 %icmp_ln61, label %.preheader.preheader, label %PadMain_begin" [firmware/nnet_utils/nnet_padding_stream.h:61]   --->   Operation 89 'br' <Predicate = true> <Delay = 0.00>
ST_3 : Operation 90 [1/1] (0.00ns)   --->   "call void (...)* @_ssdm_op_SpecLoopName([8 x i8]* @p_str55) nounwind" [firmware/nnet_utils/nnet_padding_stream.h:61]   --->   Operation 90 'specloopname' <Predicate = (!icmp_ln61)> <Delay = 0.00>
ST_3 : Operation 91 [1/1] (0.00ns)   --->   "%tmp_5 = call i32 (...)* @_ssdm_op_SpecRegionBegin([8 x i8]* @p_str55)" [firmware/nnet_utils/nnet_padding_stream.h:61]   --->   Operation 91 'specregionbegin' 'tmp_5' <Predicate = (!icmp_ln61)> <Delay = 0.00>
ST_3 : Operation 92 [1/1] (0.00ns)   --->   "call void (...)* @_ssdm_op_SpecLoopName([8 x i8]* @p_str56) nounwind" [firmware/nnet_utils/nnet_padding_stream.h:62]   --->   Operation 92 'specloopname' <Predicate = (!icmp_ln61)> <Delay = 0.00>
ST_3 : Operation 93 [1/1] (3.63ns)   --->   "call void @_ssdm_op_Write.ap_fifo.volatile.i8P.i8P.i8P.i8P.i8P.i8P.i8P.i8P.i8P.i8P.i8P.i8P.i8P.i8P.i8P.i8P.i8P.i8P.i8P.i8P.i8P.i8P.i8P.i8P.i8P.i8P.i8P.i8P.i8P.i8P.i8P.i8P(i8* %res_V_data_0_V, i8* %res_V_data_1_V, i8* %res_V_data_2_V, i8* %res_V_data_3_V, i8* %res_V_data_4_V, i8* %res_V_data_5_V, i8* %res_V_data_6_V, i8* %res_V_data_7_V, i8* %res_V_data_8_V, i8* %res_V_data_9_V, i8* %res_V_data_10_V, i8* %res_V_data_11_V, i8* %res_V_data_12_V, i8* %res_V_data_13_V, i8* %res_V_data_14_V, i8* %res_V_data_15_V, i8* %res_V_data_16_V, i8* %res_V_data_17_V, i8* %res_V_data_18_V, i8* %res_V_data_19_V, i8* %res_V_data_20_V, i8* %res_V_data_21_V, i8* %res_V_data_22_V, i8* %res_V_data_23_V, i8* %res_V_data_24_V, i8* %res_V_data_25_V, i8* %res_V_data_26_V, i8* %res_V_data_27_V, i8* %res_V_data_28_V, i8* %res_V_data_29_V, i8* %res_V_data_30_V, i8* %res_V_data_31_V, i8 0, i8 0, i8 0, i8 0, i8 0, i8 0, i8 0, i8 0, i8 0, i8 0, i8 0, i8 0, i8 0, i8 0, i8 0, i8 0, i8 0, i8 0, i8 0, i8 0, i8 0, i8 0, i8 0, i8 0, i8 0, i8 0, i8 0, i8 0, i8 0, i8 0, i8 0, i8 0)" [firmware/nnet_utils/nnet_padding_stream.h:16->firmware/nnet_utils/nnet_padding_stream.h:63]   --->   Operation 93 'write' <Predicate = (!icmp_ln61)> <Delay = 3.63> <Core = "FIFO_SRL">   --->   Core 36 'FIFO_SRL' <Latency = 0> <II = 1> <Delay = 3.63> <Storage> <Opcode : 'read' 'write' 'nbread' 'nbwrite'> <Ports = 0> <Width = 8> <Depth = 0> <FIFO>
ST_3 : Operation 94 [1/1] (1.76ns)   --->   "br label %.preheader2" [firmware/nnet_utils/nnet_padding_stream.h:65]   --->   Operation 94 'br' <Predicate = (!icmp_ln61)> <Delay = 1.76>
ST_3 : Operation 95 [1/1] (1.76ns)   --->   "br label %.preheader" [firmware/nnet_utils/nnet_padding_stream.h:73]   --->   Operation 95 'br' <Predicate = (icmp_ln61)> <Delay = 1.76>

State 4 <SV = 3> <Delay = 7.26>
ST_4 : Operation 96 [1/1] (0.00ns)   --->   "%j3_0 = phi i6 [ %j_7, %"fill_data<array<ap_fixed<8, 3, 0, 0, 0>, 32u>, array<ap_fixed<8, 3, 0, 0, 0>, 32u>, config20>.exit" ], [ 0, %PadMain_begin ]"   --->   Operation 96 'phi' 'j3_0' <Predicate = true> <Delay = 0.00>
ST_4 : Operation 97 [1/1] (1.42ns)   --->   "%icmp_ln65 = icmp eq i6 %j3_0, -32" [firmware/nnet_utils/nnet_padding_stream.h:65]   --->   Operation 97 'icmp' 'icmp_ln65' <Predicate = true> <Delay = 1.42> <Core = "Cmp">   --->   Core 25 'Cmp' <Latency = 0> <II = 1> <Delay = 1.42> <FuncUnit> <Opcode : 'icmp'> <InPorts = 2> <OutPorts = 1>
ST_4 : Operation 98 [1/1] (0.00ns)   --->   "%empty_39 = call i32 (...)* @_ssdm_op_SpecLoopTripCount(i64 32, i64 32, i64 32)"   --->   Operation 98 'speclooptripcount' 'empty_39' <Predicate = true> <Delay = 0.00>
ST_4 : Operation 99 [1/1] (1.82ns)   --->   "%j_7 = add i6 %j3_0, 1" [firmware/nnet_utils/nnet_padding_stream.h:65]   --->   Operation 99 'add' 'j_7' <Predicate = true> <Delay = 1.82> <Core = "AddSub">   --->   Core 14 'AddSub' <Latency = 0> <II = 1> <Delay = 1.82> <FuncUnit> <Opcode : 'add' 'sub'> <InPorts = 2> <OutPorts = 1>
ST_4 : Operation 100 [1/1] (0.00ns)   --->   "br i1 %icmp_ln65, label %.preheader1.preheader, label %"fill_data<array<ap_fixed<8, 3, 0, 0, 0>, 32u>, array<ap_fixed<8, 3, 0, 0, 0>, 32u>, config20>.exit"" [firmware/nnet_utils/nnet_padding_stream.h:65]   --->   Operation 100 'br' <Predicate = true> <Delay = 0.00>
ST_4 : Operation 101 [1/1] (0.00ns)   --->   "call void (...)* @_ssdm_op_SpecLoopName([9 x i8]* @p_str57) nounwind" [firmware/nnet_utils/nnet_padding_stream.h:65]   --->   Operation 101 'specloopname' <Predicate = (!icmp_ln65)> <Delay = 0.00>
ST_4 : Operation 102 [1/1] (3.63ns)   --->   "%empty_40 = call { i8, i8, i8, i8, i8, i8, i8, i8, i8, i8, i8, i8, i8, i8, i8, i8, i8, i8, i8, i8, i8, i8, i8, i8, i8, i8, i8, i8, i8, i8, i8, i8 } @_ssdm_op_Read.ap_fifo.volatile.i8P.i8P.i8P.i8P.i8P.i8P.i8P.i8P.i8P.i8P.i8P.i8P.i8P.i8P.i8P.i8P.i8P.i8P.i8P.i8P.i8P.i8P.i8P.i8P.i8P.i8P.i8P.i8P.i8P.i8P.i8P.i8P(i8* %data_V_data_0_V, i8* %data_V_data_1_V, i8* %data_V_data_2_V, i8* %data_V_data_3_V, i8* %data_V_data_4_V, i8* %data_V_data_5_V, i8* %data_V_data_6_V, i8* %data_V_data_7_V, i8* %data_V_data_8_V, i8* %data_V_data_9_V, i8* %data_V_data_10_V, i8* %data_V_data_11_V, i8* %data_V_data_12_V, i8* %data_V_data_13_V, i8* %data_V_data_14_V, i8* %data_V_data_15_V, i8* %data_V_data_16_V, i8* %data_V_data_17_V, i8* %data_V_data_18_V, i8* %data_V_data_19_V, i8* %data_V_data_20_V, i8* %data_V_data_21_V, i8* %data_V_data_22_V, i8* %data_V_data_23_V, i8* %data_V_data_24_V, i8* %data_V_data_25_V, i8* %data_V_data_26_V, i8* %data_V_data_27_V, i8* %data_V_data_28_V, i8* %data_V_data_29_V, i8* %data_V_data_30_V, i8* %data_V_data_31_V)" [firmware/nnet_utils/nnet_padding_stream.h:22->firmware/nnet_utils/nnet_padding_stream.h:66]   --->   Operation 102 'read' 'empty_40' <Predicate = (!icmp_ln65)> <Delay = 3.63> <Core = "FIFO_SRL">   --->   Core 36 'FIFO_SRL' <Latency = 0> <II = 1> <Delay = 3.63> <Storage> <Opcode : 'read' 'write' 'nbread' 'nbwrite'> <Ports = 0> <Width = 8> <Depth = 0> <FIFO>
ST_4 : Operation 103 [1/1] (0.00ns)   --->   "%tmp_data_0_V = extractvalue { i8, i8, i8, i8, i8, i8, i8, i8, i8, i8, i8, i8, i8, i8, i8, i8, i8, i8, i8, i8, i8, i8, i8, i8, i8, i8, i8, i8, i8, i8, i8, i8 } %empty_40, 0" [firmware/nnet_utils/nnet_padding_stream.h:22->firmware/nnet_utils/nnet_padding_stream.h:66]   --->   Operation 103 'extractvalue' 'tmp_data_0_V' <Predicate = (!icmp_ln65)> <Delay = 0.00>
ST_4 : Operation 104 [1/1] (0.00ns)   --->   "%tmp_data_1_V = extractvalue { i8, i8, i8, i8, i8, i8, i8, i8, i8, i8, i8, i8, i8, i8, i8, i8, i8, i8, i8, i8, i8, i8, i8, i8, i8, i8, i8, i8, i8, i8, i8, i8 } %empty_40, 1" [firmware/nnet_utils/nnet_padding_stream.h:22->firmware/nnet_utils/nnet_padding_stream.h:66]   --->   Operation 104 'extractvalue' 'tmp_data_1_V' <Predicate = (!icmp_ln65)> <Delay = 0.00>
ST_4 : Operation 105 [1/1] (0.00ns)   --->   "%tmp_data_2_V = extractvalue { i8, i8, i8, i8, i8, i8, i8, i8, i8, i8, i8, i8, i8, i8, i8, i8, i8, i8, i8, i8, i8, i8, i8, i8, i8, i8, i8, i8, i8, i8, i8, i8 } %empty_40, 2" [firmware/nnet_utils/nnet_padding_stream.h:22->firmware/nnet_utils/nnet_padding_stream.h:66]   --->   Operation 105 'extractvalue' 'tmp_data_2_V' <Predicate = (!icmp_ln65)> <Delay = 0.00>
ST_4 : Operation 106 [1/1] (0.00ns)   --->   "%tmp_data_3_V = extractvalue { i8, i8, i8, i8, i8, i8, i8, i8, i8, i8, i8, i8, i8, i8, i8, i8, i8, i8, i8, i8, i8, i8, i8, i8, i8, i8, i8, i8, i8, i8, i8, i8 } %empty_40, 3" [firmware/nnet_utils/nnet_padding_stream.h:22->firmware/nnet_utils/nnet_padding_stream.h:66]   --->   Operation 106 'extractvalue' 'tmp_data_3_V' <Predicate = (!icmp_ln65)> <Delay = 0.00>
ST_4 : Operation 107 [1/1] (0.00ns)   --->   "%tmp_data_4_V = extractvalue { i8, i8, i8, i8, i8, i8, i8, i8, i8, i8, i8, i8, i8, i8, i8, i8, i8, i8, i8, i8, i8, i8, i8, i8, i8, i8, i8, i8, i8, i8, i8, i8 } %empty_40, 4" [firmware/nnet_utils/nnet_padding_stream.h:22->firmware/nnet_utils/nnet_padding_stream.h:66]   --->   Operation 107 'extractvalue' 'tmp_data_4_V' <Predicate = (!icmp_ln65)> <Delay = 0.00>
ST_4 : Operation 108 [1/1] (0.00ns)   --->   "%tmp_data_5_V = extractvalue { i8, i8, i8, i8, i8, i8, i8, i8, i8, i8, i8, i8, i8, i8, i8, i8, i8, i8, i8, i8, i8, i8, i8, i8, i8, i8, i8, i8, i8, i8, i8, i8 } %empty_40, 5" [firmware/nnet_utils/nnet_padding_stream.h:22->firmware/nnet_utils/nnet_padding_stream.h:66]   --->   Operation 108 'extractvalue' 'tmp_data_5_V' <Predicate = (!icmp_ln65)> <Delay = 0.00>
ST_4 : Operation 109 [1/1] (0.00ns)   --->   "%tmp_data_6_V = extractvalue { i8, i8, i8, i8, i8, i8, i8, i8, i8, i8, i8, i8, i8, i8, i8, i8, i8, i8, i8, i8, i8, i8, i8, i8, i8, i8, i8, i8, i8, i8, i8, i8 } %empty_40, 6" [firmware/nnet_utils/nnet_padding_stream.h:22->firmware/nnet_utils/nnet_padding_stream.h:66]   --->   Operation 109 'extractvalue' 'tmp_data_6_V' <Predicate = (!icmp_ln65)> <Delay = 0.00>
ST_4 : Operation 110 [1/1] (0.00ns)   --->   "%tmp_data_7_V = extractvalue { i8, i8, i8, i8, i8, i8, i8, i8, i8, i8, i8, i8, i8, i8, i8, i8, i8, i8, i8, i8, i8, i8, i8, i8, i8, i8, i8, i8, i8, i8, i8, i8 } %empty_40, 7" [firmware/nnet_utils/nnet_padding_stream.h:22->firmware/nnet_utils/nnet_padding_stream.h:66]   --->   Operation 110 'extractvalue' 'tmp_data_7_V' <Predicate = (!icmp_ln65)> <Delay = 0.00>
ST_4 : Operation 111 [1/1] (0.00ns)   --->   "%tmp_data_8_V = extractvalue { i8, i8, i8, i8, i8, i8, i8, i8, i8, i8, i8, i8, i8, i8, i8, i8, i8, i8, i8, i8, i8, i8, i8, i8, i8, i8, i8, i8, i8, i8, i8, i8 } %empty_40, 8" [firmware/nnet_utils/nnet_padding_stream.h:22->firmware/nnet_utils/nnet_padding_stream.h:66]   --->   Operation 111 'extractvalue' 'tmp_data_8_V' <Predicate = (!icmp_ln65)> <Delay = 0.00>
ST_4 : Operation 112 [1/1] (0.00ns)   --->   "%tmp_data_9_V = extractvalue { i8, i8, i8, i8, i8, i8, i8, i8, i8, i8, i8, i8, i8, i8, i8, i8, i8, i8, i8, i8, i8, i8, i8, i8, i8, i8, i8, i8, i8, i8, i8, i8 } %empty_40, 9" [firmware/nnet_utils/nnet_padding_stream.h:22->firmware/nnet_utils/nnet_padding_stream.h:66]   --->   Operation 112 'extractvalue' 'tmp_data_9_V' <Predicate = (!icmp_ln65)> <Delay = 0.00>
ST_4 : Operation 113 [1/1] (0.00ns)   --->   "%tmp_data_10_V = extractvalue { i8, i8, i8, i8, i8, i8, i8, i8, i8, i8, i8, i8, i8, i8, i8, i8, i8, i8, i8, i8, i8, i8, i8, i8, i8, i8, i8, i8, i8, i8, i8, i8 } %empty_40, 10" [firmware/nnet_utils/nnet_padding_stream.h:22->firmware/nnet_utils/nnet_padding_stream.h:66]   --->   Operation 113 'extractvalue' 'tmp_data_10_V' <Predicate = (!icmp_ln65)> <Delay = 0.00>
ST_4 : Operation 114 [1/1] (0.00ns)   --->   "%tmp_data_11_V = extractvalue { i8, i8, i8, i8, i8, i8, i8, i8, i8, i8, i8, i8, i8, i8, i8, i8, i8, i8, i8, i8, i8, i8, i8, i8, i8, i8, i8, i8, i8, i8, i8, i8 } %empty_40, 11" [firmware/nnet_utils/nnet_padding_stream.h:22->firmware/nnet_utils/nnet_padding_stream.h:66]   --->   Operation 114 'extractvalue' 'tmp_data_11_V' <Predicate = (!icmp_ln65)> <Delay = 0.00>
ST_4 : Operation 115 [1/1] (0.00ns)   --->   "%tmp_data_12_V = extractvalue { i8, i8, i8, i8, i8, i8, i8, i8, i8, i8, i8, i8, i8, i8, i8, i8, i8, i8, i8, i8, i8, i8, i8, i8, i8, i8, i8, i8, i8, i8, i8, i8 } %empty_40, 12" [firmware/nnet_utils/nnet_padding_stream.h:22->firmware/nnet_utils/nnet_padding_stream.h:66]   --->   Operation 115 'extractvalue' 'tmp_data_12_V' <Predicate = (!icmp_ln65)> <Delay = 0.00>
ST_4 : Operation 116 [1/1] (0.00ns)   --->   "%tmp_data_13_V = extractvalue { i8, i8, i8, i8, i8, i8, i8, i8, i8, i8, i8, i8, i8, i8, i8, i8, i8, i8, i8, i8, i8, i8, i8, i8, i8, i8, i8, i8, i8, i8, i8, i8 } %empty_40, 13" [firmware/nnet_utils/nnet_padding_stream.h:22->firmware/nnet_utils/nnet_padding_stream.h:66]   --->   Operation 116 'extractvalue' 'tmp_data_13_V' <Predicate = (!icmp_ln65)> <Delay = 0.00>
ST_4 : Operation 117 [1/1] (0.00ns)   --->   "%tmp_data_14_V = extractvalue { i8, i8, i8, i8, i8, i8, i8, i8, i8, i8, i8, i8, i8, i8, i8, i8, i8, i8, i8, i8, i8, i8, i8, i8, i8, i8, i8, i8, i8, i8, i8, i8 } %empty_40, 14" [firmware/nnet_utils/nnet_padding_stream.h:22->firmware/nnet_utils/nnet_padding_stream.h:66]   --->   Operation 117 'extractvalue' 'tmp_data_14_V' <Predicate = (!icmp_ln65)> <Delay = 0.00>
ST_4 : Operation 118 [1/1] (0.00ns)   --->   "%tmp_data_15_V = extractvalue { i8, i8, i8, i8, i8, i8, i8, i8, i8, i8, i8, i8, i8, i8, i8, i8, i8, i8, i8, i8, i8, i8, i8, i8, i8, i8, i8, i8, i8, i8, i8, i8 } %empty_40, 15" [firmware/nnet_utils/nnet_padding_stream.h:22->firmware/nnet_utils/nnet_padding_stream.h:66]   --->   Operation 118 'extractvalue' 'tmp_data_15_V' <Predicate = (!icmp_ln65)> <Delay = 0.00>
ST_4 : Operation 119 [1/1] (0.00ns)   --->   "%tmp_data_16_V = extractvalue { i8, i8, i8, i8, i8, i8, i8, i8, i8, i8, i8, i8, i8, i8, i8, i8, i8, i8, i8, i8, i8, i8, i8, i8, i8, i8, i8, i8, i8, i8, i8, i8 } %empty_40, 16" [firmware/nnet_utils/nnet_padding_stream.h:22->firmware/nnet_utils/nnet_padding_stream.h:66]   --->   Operation 119 'extractvalue' 'tmp_data_16_V' <Predicate = (!icmp_ln65)> <Delay = 0.00>
ST_4 : Operation 120 [1/1] (0.00ns)   --->   "%tmp_data_17_V = extractvalue { i8, i8, i8, i8, i8, i8, i8, i8, i8, i8, i8, i8, i8, i8, i8, i8, i8, i8, i8, i8, i8, i8, i8, i8, i8, i8, i8, i8, i8, i8, i8, i8 } %empty_40, 17" [firmware/nnet_utils/nnet_padding_stream.h:22->firmware/nnet_utils/nnet_padding_stream.h:66]   --->   Operation 120 'extractvalue' 'tmp_data_17_V' <Predicate = (!icmp_ln65)> <Delay = 0.00>
ST_4 : Operation 121 [1/1] (0.00ns)   --->   "%tmp_data_18_V = extractvalue { i8, i8, i8, i8, i8, i8, i8, i8, i8, i8, i8, i8, i8, i8, i8, i8, i8, i8, i8, i8, i8, i8, i8, i8, i8, i8, i8, i8, i8, i8, i8, i8 } %empty_40, 18" [firmware/nnet_utils/nnet_padding_stream.h:22->firmware/nnet_utils/nnet_padding_stream.h:66]   --->   Operation 121 'extractvalue' 'tmp_data_18_V' <Predicate = (!icmp_ln65)> <Delay = 0.00>
ST_4 : Operation 122 [1/1] (0.00ns)   --->   "%tmp_data_19_V = extractvalue { i8, i8, i8, i8, i8, i8, i8, i8, i8, i8, i8, i8, i8, i8, i8, i8, i8, i8, i8, i8, i8, i8, i8, i8, i8, i8, i8, i8, i8, i8, i8, i8 } %empty_40, 19" [firmware/nnet_utils/nnet_padding_stream.h:22->firmware/nnet_utils/nnet_padding_stream.h:66]   --->   Operation 122 'extractvalue' 'tmp_data_19_V' <Predicate = (!icmp_ln65)> <Delay = 0.00>
ST_4 : Operation 123 [1/1] (0.00ns)   --->   "%tmp_data_20_V = extractvalue { i8, i8, i8, i8, i8, i8, i8, i8, i8, i8, i8, i8, i8, i8, i8, i8, i8, i8, i8, i8, i8, i8, i8, i8, i8, i8, i8, i8, i8, i8, i8, i8 } %empty_40, 20" [firmware/nnet_utils/nnet_padding_stream.h:22->firmware/nnet_utils/nnet_padding_stream.h:66]   --->   Operation 123 'extractvalue' 'tmp_data_20_V' <Predicate = (!icmp_ln65)> <Delay = 0.00>
ST_4 : Operation 124 [1/1] (0.00ns)   --->   "%tmp_data_21_V = extractvalue { i8, i8, i8, i8, i8, i8, i8, i8, i8, i8, i8, i8, i8, i8, i8, i8, i8, i8, i8, i8, i8, i8, i8, i8, i8, i8, i8, i8, i8, i8, i8, i8 } %empty_40, 21" [firmware/nnet_utils/nnet_padding_stream.h:22->firmware/nnet_utils/nnet_padding_stream.h:66]   --->   Operation 124 'extractvalue' 'tmp_data_21_V' <Predicate = (!icmp_ln65)> <Delay = 0.00>
ST_4 : Operation 125 [1/1] (0.00ns)   --->   "%tmp_data_22_V = extractvalue { i8, i8, i8, i8, i8, i8, i8, i8, i8, i8, i8, i8, i8, i8, i8, i8, i8, i8, i8, i8, i8, i8, i8, i8, i8, i8, i8, i8, i8, i8, i8, i8 } %empty_40, 22" [firmware/nnet_utils/nnet_padding_stream.h:22->firmware/nnet_utils/nnet_padding_stream.h:66]   --->   Operation 125 'extractvalue' 'tmp_data_22_V' <Predicate = (!icmp_ln65)> <Delay = 0.00>
ST_4 : Operation 126 [1/1] (0.00ns)   --->   "%tmp_data_23_V = extractvalue { i8, i8, i8, i8, i8, i8, i8, i8, i8, i8, i8, i8, i8, i8, i8, i8, i8, i8, i8, i8, i8, i8, i8, i8, i8, i8, i8, i8, i8, i8, i8, i8 } %empty_40, 23" [firmware/nnet_utils/nnet_padding_stream.h:22->firmware/nnet_utils/nnet_padding_stream.h:66]   --->   Operation 126 'extractvalue' 'tmp_data_23_V' <Predicate = (!icmp_ln65)> <Delay = 0.00>
ST_4 : Operation 127 [1/1] (0.00ns)   --->   "%tmp_data_24_V = extractvalue { i8, i8, i8, i8, i8, i8, i8, i8, i8, i8, i8, i8, i8, i8, i8, i8, i8, i8, i8, i8, i8, i8, i8, i8, i8, i8, i8, i8, i8, i8, i8, i8 } %empty_40, 24" [firmware/nnet_utils/nnet_padding_stream.h:22->firmware/nnet_utils/nnet_padding_stream.h:66]   --->   Operation 127 'extractvalue' 'tmp_data_24_V' <Predicate = (!icmp_ln65)> <Delay = 0.00>
ST_4 : Operation 128 [1/1] (0.00ns)   --->   "%tmp_data_25_V = extractvalue { i8, i8, i8, i8, i8, i8, i8, i8, i8, i8, i8, i8, i8, i8, i8, i8, i8, i8, i8, i8, i8, i8, i8, i8, i8, i8, i8, i8, i8, i8, i8, i8 } %empty_40, 25" [firmware/nnet_utils/nnet_padding_stream.h:22->firmware/nnet_utils/nnet_padding_stream.h:66]   --->   Operation 128 'extractvalue' 'tmp_data_25_V' <Predicate = (!icmp_ln65)> <Delay = 0.00>
ST_4 : Operation 129 [1/1] (0.00ns)   --->   "%tmp_data_26_V = extractvalue { i8, i8, i8, i8, i8, i8, i8, i8, i8, i8, i8, i8, i8, i8, i8, i8, i8, i8, i8, i8, i8, i8, i8, i8, i8, i8, i8, i8, i8, i8, i8, i8 } %empty_40, 26" [firmware/nnet_utils/nnet_padding_stream.h:22->firmware/nnet_utils/nnet_padding_stream.h:66]   --->   Operation 129 'extractvalue' 'tmp_data_26_V' <Predicate = (!icmp_ln65)> <Delay = 0.00>
ST_4 : Operation 130 [1/1] (0.00ns)   --->   "%tmp_data_27_V = extractvalue { i8, i8, i8, i8, i8, i8, i8, i8, i8, i8, i8, i8, i8, i8, i8, i8, i8, i8, i8, i8, i8, i8, i8, i8, i8, i8, i8, i8, i8, i8, i8, i8 } %empty_40, 27" [firmware/nnet_utils/nnet_padding_stream.h:22->firmware/nnet_utils/nnet_padding_stream.h:66]   --->   Operation 130 'extractvalue' 'tmp_data_27_V' <Predicate = (!icmp_ln65)> <Delay = 0.00>
ST_4 : Operation 131 [1/1] (0.00ns)   --->   "%tmp_data_28_V = extractvalue { i8, i8, i8, i8, i8, i8, i8, i8, i8, i8, i8, i8, i8, i8, i8, i8, i8, i8, i8, i8, i8, i8, i8, i8, i8, i8, i8, i8, i8, i8, i8, i8 } %empty_40, 28" [firmware/nnet_utils/nnet_padding_stream.h:22->firmware/nnet_utils/nnet_padding_stream.h:66]   --->   Operation 131 'extractvalue' 'tmp_data_28_V' <Predicate = (!icmp_ln65)> <Delay = 0.00>
ST_4 : Operation 132 [1/1] (0.00ns)   --->   "%tmp_data_29_V = extractvalue { i8, i8, i8, i8, i8, i8, i8, i8, i8, i8, i8, i8, i8, i8, i8, i8, i8, i8, i8, i8, i8, i8, i8, i8, i8, i8, i8, i8, i8, i8, i8, i8 } %empty_40, 29" [firmware/nnet_utils/nnet_padding_stream.h:22->firmware/nnet_utils/nnet_padding_stream.h:66]   --->   Operation 132 'extractvalue' 'tmp_data_29_V' <Predicate = (!icmp_ln65)> <Delay = 0.00>
ST_4 : Operation 133 [1/1] (0.00ns)   --->   "%tmp_data_30_V = extractvalue { i8, i8, i8, i8, i8, i8, i8, i8, i8, i8, i8, i8, i8, i8, i8, i8, i8, i8, i8, i8, i8, i8, i8, i8, i8, i8, i8, i8, i8, i8, i8, i8 } %empty_40, 30" [firmware/nnet_utils/nnet_padding_stream.h:22->firmware/nnet_utils/nnet_padding_stream.h:66]   --->   Operation 133 'extractvalue' 'tmp_data_30_V' <Predicate = (!icmp_ln65)> <Delay = 0.00>
ST_4 : Operation 134 [1/1] (0.00ns)   --->   "%tmp_data_31_V = extractvalue { i8, i8, i8, i8, i8, i8, i8, i8, i8, i8, i8, i8, i8, i8, i8, i8, i8, i8, i8, i8, i8, i8, i8, i8, i8, i8, i8, i8, i8, i8, i8, i8 } %empty_40, 31" [firmware/nnet_utils/nnet_padding_stream.h:22->firmware/nnet_utils/nnet_padding_stream.h:66]   --->   Operation 134 'extractvalue' 'tmp_data_31_V' <Predicate = (!icmp_ln65)> <Delay = 0.00>
ST_4 : Operation 135 [1/1] (3.63ns)   --->   "call void @_ssdm_op_Write.ap_fifo.volatile.i8P.i8P.i8P.i8P.i8P.i8P.i8P.i8P.i8P.i8P.i8P.i8P.i8P.i8P.i8P.i8P.i8P.i8P.i8P.i8P.i8P.i8P.i8P.i8P.i8P.i8P.i8P.i8P.i8P.i8P.i8P.i8P(i8* %res_V_data_0_V, i8* %res_V_data_1_V, i8* %res_V_data_2_V, i8* %res_V_data_3_V, i8* %res_V_data_4_V, i8* %res_V_data_5_V, i8* %res_V_data_6_V, i8* %res_V_data_7_V, i8* %res_V_data_8_V, i8* %res_V_data_9_V, i8* %res_V_data_10_V, i8* %res_V_data_11_V, i8* %res_V_data_12_V, i8* %res_V_data_13_V, i8* %res_V_data_14_V, i8* %res_V_data_15_V, i8* %res_V_data_16_V, i8* %res_V_data_17_V, i8* %res_V_data_18_V, i8* %res_V_data_19_V, i8* %res_V_data_20_V, i8* %res_V_data_21_V, i8* %res_V_data_22_V, i8* %res_V_data_23_V, i8* %res_V_data_24_V, i8* %res_V_data_25_V, i8* %res_V_data_26_V, i8* %res_V_data_27_V, i8* %res_V_data_28_V, i8* %res_V_data_29_V, i8* %res_V_data_30_V, i8* %res_V_data_31_V, i8 %tmp_data_0_V, i8 %tmp_data_1_V, i8 %tmp_data_2_V, i8 %tmp_data_3_V, i8 %tmp_data_4_V, i8 %tmp_data_5_V, i8 %tmp_data_6_V, i8 %tmp_data_7_V, i8 %tmp_data_8_V, i8 %tmp_data_9_V, i8 %tmp_data_10_V, i8 %tmp_data_11_V, i8 %tmp_data_12_V, i8 %tmp_data_13_V, i8 %tmp_data_14_V, i8 %tmp_data_15_V, i8 %tmp_data_16_V, i8 %tmp_data_17_V, i8 %tmp_data_18_V, i8 %tmp_data_19_V, i8 %tmp_data_20_V, i8 %tmp_data_21_V, i8 %tmp_data_22_V, i8 %tmp_data_23_V, i8 %tmp_data_24_V, i8 %tmp_data_25_V, i8 %tmp_data_26_V, i8 %tmp_data_27_V, i8 %tmp_data_28_V, i8 %tmp_data_29_V, i8 %tmp_data_30_V, i8 %tmp_data_31_V)" [firmware/nnet_utils/nnet_padding_stream.h:28->firmware/nnet_utils/nnet_padding_stream.h:66]   --->   Operation 135 'write' <Predicate = (!icmp_ln65)> <Delay = 3.63> <Core = "FIFO_SRL">   --->   Core 36 'FIFO_SRL' <Latency = 0> <II = 1> <Delay = 3.63> <Storage> <Opcode : 'read' 'write' 'nbread' 'nbwrite'> <Ports = 0> <Width = 8> <Depth = 0> <FIFO>
ST_4 : Operation 136 [1/1] (0.00ns)   --->   "br label %.preheader2" [firmware/nnet_utils/nnet_padding_stream.h:65]   --->   Operation 136 'br' <Predicate = (!icmp_ln65)> <Delay = 0.00>
ST_4 : Operation 137 [1/1] (1.76ns)   --->   "br label %.preheader1" [firmware/nnet_utils/nnet_padding_stream.h:68]   --->   Operation 137 'br' <Predicate = (icmp_ln65)> <Delay = 1.76>

State 5 <SV = 4> <Delay = 3.63>
ST_5 : Operation 138 [1/1] (0.00ns)   --->   "%j4_0 = phi i2 [ %j_9, %_ZrsILi32ELb0EEN11ap_int_baseIXT_EXT0_EE5RTypeIXT_EXT0_EE4arg1ERKS1_i.exit2.i.i.i.i.i27.0 ], [ 0, %.preheader1.preheader ]"   --->   Operation 138 'phi' 'j4_0' <Predicate = true> <Delay = 0.00>
ST_5 : Operation 139 [1/1] (0.95ns)   --->   "%icmp_ln68 = icmp eq i2 %j4_0, -2" [firmware/nnet_utils/nnet_padding_stream.h:68]   --->   Operation 139 'icmp' 'icmp_ln68' <Predicate = true> <Delay = 0.95> <Core = "Cmp">   --->   Core 25 'Cmp' <Latency = 0> <II = 1> <Delay = 1.42> <FuncUnit> <Opcode : 'icmp'> <InPorts = 2> <OutPorts = 1>
ST_5 : Operation 140 [1/1] (0.00ns)   --->   "%empty_41 = call i32 (...)* @_ssdm_op_SpecLoopTripCount(i64 2, i64 2, i64 2)"   --->   Operation 140 'speclooptripcount' 'empty_41' <Predicate = true> <Delay = 0.00>
ST_5 : Operation 141 [1/1] (1.56ns)   --->   "%j_9 = add i2 %j4_0, 1" [firmware/nnet_utils/nnet_padding_stream.h:68]   --->   Operation 141 'add' 'j_9' <Predicate = true> <Delay = 1.56> <Core = "AddSub">   --->   Core 14 'AddSub' <Latency = 0> <II = 1> <Delay = 1.82> <FuncUnit> <Opcode : 'add' 'sub'> <InPorts = 2> <OutPorts = 1>
ST_5 : Operation 142 [1/1] (0.00ns)   --->   "br i1 %icmp_ln68, label %PadMain_end, label %_ZrsILi32ELb0EEN11ap_int_baseIXT_EXT0_EE5RTypeIXT_EXT0_EE4arg1ERKS1_i.exit2.i.i.i.i.i27.0" [firmware/nnet_utils/nnet_padding_stream.h:68]   --->   Operation 142 'br' <Predicate = true> <Delay = 0.00>
ST_5 : Operation 143 [1/1] (0.00ns)   --->   "call void (...)* @_ssdm_op_SpecLoopName([9 x i8]* @p_str58) nounwind" [firmware/nnet_utils/nnet_padding_stream.h:68]   --->   Operation 143 'specloopname' <Predicate = (!icmp_ln68)> <Delay = 0.00>
ST_5 : Operation 144 [1/1] (3.63ns)   --->   "call void @_ssdm_op_Write.ap_fifo.volatile.i8P.i8P.i8P.i8P.i8P.i8P.i8P.i8P.i8P.i8P.i8P.i8P.i8P.i8P.i8P.i8P.i8P.i8P.i8P.i8P.i8P.i8P.i8P.i8P.i8P.i8P.i8P.i8P.i8P.i8P.i8P.i8P(i8* %res_V_data_0_V, i8* %res_V_data_1_V, i8* %res_V_data_2_V, i8* %res_V_data_3_V, i8* %res_V_data_4_V, i8* %res_V_data_5_V, i8* %res_V_data_6_V, i8* %res_V_data_7_V, i8* %res_V_data_8_V, i8* %res_V_data_9_V, i8* %res_V_data_10_V, i8* %res_V_data_11_V, i8* %res_V_data_12_V, i8* %res_V_data_13_V, i8* %res_V_data_14_V, i8* %res_V_data_15_V, i8* %res_V_data_16_V, i8* %res_V_data_17_V, i8* %res_V_data_18_V, i8* %res_V_data_19_V, i8* %res_V_data_20_V, i8* %res_V_data_21_V, i8* %res_V_data_22_V, i8* %res_V_data_23_V, i8* %res_V_data_24_V, i8* %res_V_data_25_V, i8* %res_V_data_26_V, i8* %res_V_data_27_V, i8* %res_V_data_28_V, i8* %res_V_data_29_V, i8* %res_V_data_30_V, i8* %res_V_data_31_V, i8 0, i8 0, i8 0, i8 0, i8 0, i8 0, i8 0, i8 0, i8 0, i8 0, i8 0, i8 0, i8 0, i8 0, i8 0, i8 0, i8 0, i8 0, i8 0, i8 0, i8 0, i8 0, i8 0, i8 0, i8 0, i8 0, i8 0, i8 0, i8 0, i8 0, i8 0, i8 0)" [firmware/nnet_utils/nnet_padding_stream.h:16->firmware/nnet_utils/nnet_padding_stream.h:69]   --->   Operation 144 'write' <Predicate = (!icmp_ln68)> <Delay = 3.63> <Core = "FIFO_SRL">   --->   Core 36 'FIFO_SRL' <Latency = 0> <II = 1> <Delay = 3.63> <Storage> <Opcode : 'read' 'write' 'nbread' 'nbwrite'> <Ports = 0> <Width = 8> <Depth = 0> <FIFO>
ST_5 : Operation 145 [1/1] (0.00ns)   --->   "br label %.preheader1" [firmware/nnet_utils/nnet_padding_stream.h:68]   --->   Operation 145 'br' <Predicate = (!icmp_ln68)> <Delay = 0.00>
ST_5 : Operation 146 [1/1] (0.00ns)   --->   "%empty_42 = call i32 (...)* @_ssdm_op_SpecRegionEnd([8 x i8]* @p_str55, i32 %tmp_5)" [firmware/nnet_utils/nnet_padding_stream.h:71]   --->   Operation 146 'specregionend' 'empty_42' <Predicate = (icmp_ln68)> <Delay = 0.00>
ST_5 : Operation 147 [1/1] (0.00ns)   --->   "br label %.preheader3" [firmware/nnet_utils/nnet_padding_stream.h:61]   --->   Operation 147 'br' <Predicate = (icmp_ln68)> <Delay = 0.00>

State 6 <SV = 3> <Delay = 1.76>
ST_6 : Operation 148 [1/1] (0.00ns)   --->   "%i5_0 = phi i2 [ %i, %PadBottom_end ], [ 0, %.preheader.preheader ]"   --->   Operation 148 'phi' 'i5_0' <Predicate = true> <Delay = 0.00>
ST_6 : Operation 149 [1/1] (0.95ns)   --->   "%icmp_ln73 = icmp eq i2 %i5_0, -2" [firmware/nnet_utils/nnet_padding_stream.h:73]   --->   Operation 149 'icmp' 'icmp_ln73' <Predicate = true> <Delay = 0.95> <Core = "Cmp">   --->   Core 25 'Cmp' <Latency = 0> <II = 1> <Delay = 1.42> <FuncUnit> <Opcode : 'icmp'> <InPorts = 2> <OutPorts = 1>
ST_6 : Operation 150 [1/1] (0.00ns)   --->   "%empty_43 = call i32 (...)* @_ssdm_op_SpecLoopTripCount(i64 2, i64 2, i64 2)"   --->   Operation 150 'speclooptripcount' 'empty_43' <Predicate = true> <Delay = 0.00>
ST_6 : Operation 151 [1/1] (1.56ns)   --->   "%i = add i2 %i5_0, 1" [firmware/nnet_utils/nnet_padding_stream.h:73]   --->   Operation 151 'add' 'i' <Predicate = true> <Delay = 1.56> <Core = "AddSub">   --->   Core 14 'AddSub' <Latency = 0> <II = 1> <Delay = 1.82> <FuncUnit> <Opcode : 'add' 'sub'> <InPorts = 2> <OutPorts = 1>
ST_6 : Operation 152 [1/1] (0.00ns)   --->   "br i1 %icmp_ln73, label %2, label %PadBottom_begin" [firmware/nnet_utils/nnet_padding_stream.h:73]   --->   Operation 152 'br' <Predicate = true> <Delay = 0.00>
ST_6 : Operation 153 [1/1] (0.00ns)   --->   "call void (...)* @_ssdm_op_SpecLoopName([10 x i8]* @p_str59) nounwind" [firmware/nnet_utils/nnet_padding_stream.h:73]   --->   Operation 153 'specloopname' <Predicate = (!icmp_ln73)> <Delay = 0.00>
ST_6 : Operation 154 [1/1] (0.00ns)   --->   "%tmp_6 = call i32 (...)* @_ssdm_op_SpecRegionBegin([10 x i8]* @p_str59)" [firmware/nnet_utils/nnet_padding_stream.h:73]   --->   Operation 154 'specregionbegin' 'tmp_6' <Predicate = (!icmp_ln73)> <Delay = 0.00>
ST_6 : Operation 155 [1/1] (1.76ns)   --->   "br label %1" [firmware/nnet_utils/nnet_padding_stream.h:74]   --->   Operation 155 'br' <Predicate = (!icmp_ln73)> <Delay = 1.76>
ST_6 : Operation 156 [1/1] (0.00ns)   --->   "ret void" [firmware/nnet_utils/nnet_padding_stream.h:78]   --->   Operation 156 'ret' <Predicate = (icmp_ln73)> <Delay = 0.00>

State 7 <SV = 4> <Delay = 3.63>
ST_7 : Operation 157 [1/1] (0.00ns)   --->   "%j6_0 = phi i6 [ 0, %PadBottom_begin ], [ %j_8, %_ZrsILi32ELb0EEN11ap_int_baseIXT_EXT0_EE5RTypeIXT_EXT0_EE4arg1ERKS1_i.exit2.i.i.i.i.i.0 ]"   --->   Operation 157 'phi' 'j6_0' <Predicate = true> <Delay = 0.00>
ST_7 : Operation 158 [1/1] (1.42ns)   --->   "%icmp_ln74 = icmp eq i6 %j6_0, -29" [firmware/nnet_utils/nnet_padding_stream.h:74]   --->   Operation 158 'icmp' 'icmp_ln74' <Predicate = true> <Delay = 1.42> <Core = "Cmp">   --->   Core 25 'Cmp' <Latency = 0> <II = 1> <Delay = 1.42> <FuncUnit> <Opcode : 'icmp'> <InPorts = 2> <OutPorts = 1>
ST_7 : Operation 159 [1/1] (0.00ns)   --->   "%empty_44 = call i32 (...)* @_ssdm_op_SpecLoopTripCount(i64 35, i64 35, i64 35)"   --->   Operation 159 'speclooptripcount' 'empty_44' <Predicate = true> <Delay = 0.00>
ST_7 : Operation 160 [1/1] (1.82ns)   --->   "%j_8 = add i6 %j6_0, 1" [firmware/nnet_utils/nnet_padding_stream.h:74]   --->   Operation 160 'add' 'j_8' <Predicate = true> <Delay = 1.82> <Core = "AddSub">   --->   Core 14 'AddSub' <Latency = 0> <II = 1> <Delay = 1.82> <FuncUnit> <Opcode : 'add' 'sub'> <InPorts = 2> <OutPorts = 1>
ST_7 : Operation 161 [1/1] (0.00ns)   --->   "br i1 %icmp_ln74, label %PadBottom_end, label %_ZrsILi32ELb0EEN11ap_int_baseIXT_EXT0_EE5RTypeIXT_EXT0_EE4arg1ERKS1_i.exit2.i.i.i.i.i.0" [firmware/nnet_utils/nnet_padding_stream.h:74]   --->   Operation 161 'br' <Predicate = true> <Delay = 0.00>
ST_7 : Operation 162 [1/1] (0.00ns)   --->   "call void (...)* @_ssdm_op_SpecLoopName([15 x i8]* @p_str60) nounwind" [firmware/nnet_utils/nnet_padding_stream.h:74]   --->   Operation 162 'specloopname' <Predicate = (!icmp_ln74)> <Delay = 0.00>
ST_7 : Operation 163 [1/1] (3.63ns)   --->   "call void @_ssdm_op_Write.ap_fifo.volatile.i8P.i8P.i8P.i8P.i8P.i8P.i8P.i8P.i8P.i8P.i8P.i8P.i8P.i8P.i8P.i8P.i8P.i8P.i8P.i8P.i8P.i8P.i8P.i8P.i8P.i8P.i8P.i8P.i8P.i8P.i8P.i8P(i8* %res_V_data_0_V, i8* %res_V_data_1_V, i8* %res_V_data_2_V, i8* %res_V_data_3_V, i8* %res_V_data_4_V, i8* %res_V_data_5_V, i8* %res_V_data_6_V, i8* %res_V_data_7_V, i8* %res_V_data_8_V, i8* %res_V_data_9_V, i8* %res_V_data_10_V, i8* %res_V_data_11_V, i8* %res_V_data_12_V, i8* %res_V_data_13_V, i8* %res_V_data_14_V, i8* %res_V_data_15_V, i8* %res_V_data_16_V, i8* %res_V_data_17_V, i8* %res_V_data_18_V, i8* %res_V_data_19_V, i8* %res_V_data_20_V, i8* %res_V_data_21_V, i8* %res_V_data_22_V, i8* %res_V_data_23_V, i8* %res_V_data_24_V, i8* %res_V_data_25_V, i8* %res_V_data_26_V, i8* %res_V_data_27_V, i8* %res_V_data_28_V, i8* %res_V_data_29_V, i8* %res_V_data_30_V, i8* %res_V_data_31_V, i8 0, i8 0, i8 0, i8 0, i8 0, i8 0, i8 0, i8 0, i8 0, i8 0, i8 0, i8 0, i8 0, i8 0, i8 0, i8 0, i8 0, i8 0, i8 0, i8 0, i8 0, i8 0, i8 0, i8 0, i8 0, i8 0, i8 0, i8 0, i8 0, i8 0, i8 0, i8 0)" [firmware/nnet_utils/nnet_padding_stream.h:16->firmware/nnet_utils/nnet_padding_stream.h:75]   --->   Operation 163 'write' <Predicate = (!icmp_ln74)> <Delay = 3.63> <Core = "FIFO_SRL">   --->   Core 36 'FIFO_SRL' <Latency = 0> <II = 1> <Delay = 3.63> <Storage> <Opcode : 'read' 'write' 'nbread' 'nbwrite'> <Ports = 0> <Width = 8> <Depth = 0> <FIFO>
ST_7 : Operation 164 [1/1] (0.00ns)   --->   "br label %1" [firmware/nnet_utils/nnet_padding_stream.h:74]   --->   Operation 164 'br' <Predicate = (!icmp_ln74)> <Delay = 0.00>
ST_7 : Operation 165 [1/1] (0.00ns)   --->   "%empty_45 = call i32 (...)* @_ssdm_op_SpecRegionEnd([10 x i8]* @p_str59, i32 %tmp_6)" [firmware/nnet_utils/nnet_padding_stream.h:77]   --->   Operation 165 'specregionend' 'empty_45' <Predicate = (icmp_ln74)> <Delay = 0.00>
ST_7 : Operation 166 [1/1] (0.00ns)   --->   "br label %.preheader" [firmware/nnet_utils/nnet_padding_stream.h:73]   --->   Operation 166 'br' <Predicate = (icmp_ln74)> <Delay = 0.00>


============================================================
+ Verbose Summary: Timing violations
============================================================
Target clock period: 10ns, clock uncertainty: 1.25ns.

 <State 1>: 1.77ns
The critical path consists of the following:
	multiplexor before 'phi' operation ('j') with incoming values : ('j', firmware/nnet_utils/nnet_padding_stream.h:56) [133]  (1.77 ns)

 <State 2>: 3.63ns
The critical path consists of the following:
	fifo write on port 'res_V_data_0_V' (firmware/nnet_utils/nnet_padding_stream.h:16->firmware/nnet_utils/nnet_padding_stream.h:57) [140]  (3.63 ns)

 <State 3>: 3.63ns
The critical path consists of the following:
	fifo write on port 'res_V_data_0_V' (firmware/nnet_utils/nnet_padding_stream.h:16->firmware/nnet_utils/nnet_padding_stream.h:63) [155]  (3.63 ns)

 <State 4>: 7.27ns
The critical path consists of the following:
	fifo read on port 'data_V_data_0_V' (firmware/nnet_utils/nnet_padding_stream.h:22->firmware/nnet_utils/nnet_padding_stream.h:66) [165]  (3.63 ns)
	fifo write on port 'res_V_data_0_V' (firmware/nnet_utils/nnet_padding_stream.h:28->firmware/nnet_utils/nnet_padding_stream.h:66) [198]  (3.63 ns)

 <State 5>: 3.63ns
The critical path consists of the following:
	fifo write on port 'res_V_data_0_V' (firmware/nnet_utils/nnet_padding_stream.h:16->firmware/nnet_utils/nnet_padding_stream.h:69) [210]  (3.63 ns)

 <State 6>: 1.77ns
The critical path consists of the following:
	multiplexor before 'phi' operation ('j') with incoming values : ('j', firmware/nnet_utils/nnet_padding_stream.h:74) [228]  (1.77 ns)

 <State 7>: 3.63ns
The critical path consists of the following:
	fifo write on port 'res_V_data_0_V' (firmware/nnet_utils/nnet_padding_stream.h:16->firmware/nnet_utils/nnet_padding_stream.h:75) [235]  (3.63 ns)


============================================================
+ Verbose Summary: Binding
============================================================
N/A
* FSMD analyzer results:
  - Output states:
 - Input state : 
  - Chain level:
	State 1
	State 2
	State 3
	State 4
	State 5
	State 6
	State 7


============================================================
+ Verbose Summary: Datapath Resource usage 
============================================================
N/A
