

================================================================
== Vivado HLS Report for 'zeropad2d_cl_array_array_ap_fixed_32u_config22_s'
================================================================
* Date:           Tue Oct 26 13:12:17 2021

* Version:        2020.1 (Build 2897737 on Wed May 27 20:21:37 MDT 2020)
* Project:        myproject_prj
* Solution:       solution1
* Product family: zynq
* Target device:  xc7z020-clg400-1


================================================================
== Performance Estimates
================================================================
+ Timing: 
    * Summary: 
    +--------+----------+----------+------------+
    |  Clock |  Target  | Estimated| Uncertainty|
    +--------+----------+----------+------------+
    |ap_clk  | 10.00 ns | 7.268 ns |   1.25 ns  |
    +--------+----------+----------+------------+

+ Latency: 
    * Summary: 
    +---------+---------+-----------+-----------+------+------+---------+
    |  Latency (cycles) |   Latency (absolute)  |   Interval  | Pipeline|
    |   min   |   max   |    min    |    max    |  min |  max |   Type  |
    +---------+---------+-----------+-----------+------+------+---------+
    |     1089|     1089| 10.890 us | 10.890 us |  1089|  1089|   none  |
    +---------+---------+-----------+-----------+------+------+---------+

    + Detail: 
        * Instance: 
        N/A

        * Loop: 
        +-------------+---------+---------+----------+-----------+-----------+------+----------+
        |             |  Latency (cycles) | Iteration|  Initiation Interval  | Trip |          |
        |  Loop Name  |   min   |   max   |  Latency |  achieved |   target  | Count| Pipelined|
        +-------------+---------+---------+----------+-----------+-----------+------+----------+
        |- PadMain    |     1088|     1088|        34|          -|          -|    32|    no    |
        | + CopyMain  |       32|       32|         1|          -|          -|    32|    no    |
        +-------------+---------+---------+----------+-----------+-----------+------+----------+

============================================================
+ Verbose Summary: Synthesis Manager
============================================================
InlineROM: 1
ExposeGlobal: 0
============================================================
+ Verbose Summary: CDFG Model
============================================================
IsTopModel: 0
ResetActiveHigh: 1
IsCombinational: 2
IsDatapathOnly: 0
HasWiredReturn: 1
HasMFsm: 0
HasVarLatency: 1
IsPipeline: 0
IsRtlPipelined: 0
IsInstanceOverlapped: 0
IsDontTouch: 0
HasImplIP: 0
IsGatedGlobalClock: 0


============================================================
+ Verbose Summary: Schedule
============================================================
* Number of FSM states : 3
* Pipeline : 0
* Dataflow Pipeline: 0

* FSM state transitions: 
1 --> 2 
2 --> 3 
3 --> 3 2 

* FSM state operations: 

State 1 <SV = 0> <Delay = 1.76>
ST_1 : Operation 4 [1/1] (0.00ns)   --->   "call void (...)* @_ssdm_op_SpecInterface(i8* %res_V_data_31_V, [8 x i8]* @ap_fifo_str, i32 0, i32 0, [1 x i8]* @p_str1235, i32 0, i32 0, [1 x i8]* @p_str1236, [1 x i8]* @p_str1237, [1 x i8]* @p_str1238, i32 2, i32 2, i32 16, i32 16, [1 x i8]* @p_str1239, [1 x i8]* @p_str1240)"   --->   Operation 4 'specinterface' <Predicate = true> <Delay = 0.00>
ST_1 : Operation 5 [1/1] (0.00ns)   --->   "call void (...)* @_ssdm_op_SpecInterface(i8* %res_V_data_30_V, [8 x i8]* @ap_fifo_str, i32 0, i32 0, [1 x i8]* @p_str1228, i32 0, i32 0, [1 x i8]* @p_str1229, [1 x i8]* @p_str1230, [1 x i8]* @p_str1231, i32 2, i32 2, i32 16, i32 16, [1 x i8]* @p_str1232, [1 x i8]* @p_str1233)"   --->   Operation 5 'specinterface' <Predicate = true> <Delay = 0.00>
ST_1 : Operation 6 [1/1] (0.00ns)   --->   "call void (...)* @_ssdm_op_SpecInterface(i8* %res_V_data_29_V, [8 x i8]* @ap_fifo_str, i32 0, i32 0, [1 x i8]* @p_str1221, i32 0, i32 0, [1 x i8]* @p_str1222, [1 x i8]* @p_str1223, [1 x i8]* @p_str1224, i32 2, i32 2, i32 16, i32 16, [1 x i8]* @p_str1225, [1 x i8]* @p_str1226)"   --->   Operation 6 'specinterface' <Predicate = true> <Delay = 0.00>
ST_1 : Operation 7 [1/1] (0.00ns)   --->   "call void (...)* @_ssdm_op_SpecInterface(i8* %res_V_data_28_V, [8 x i8]* @ap_fifo_str, i32 0, i32 0, [1 x i8]* @p_str1214, i32 0, i32 0, [1 x i8]* @p_str1215, [1 x i8]* @p_str1216, [1 x i8]* @p_str1217, i32 2, i32 2, i32 16, i32 16, [1 x i8]* @p_str1218, [1 x i8]* @p_str1219)"   --->   Operation 7 'specinterface' <Predicate = true> <Delay = 0.00>
ST_1 : Operation 8 [1/1] (0.00ns)   --->   "call void (...)* @_ssdm_op_SpecInterface(i8* %res_V_data_27_V, [8 x i8]* @ap_fifo_str, i32 0, i32 0, [1 x i8]* @p_str1207, i32 0, i32 0, [1 x i8]* @p_str1208, [1 x i8]* @p_str1209, [1 x i8]* @p_str1210, i32 2, i32 2, i32 16, i32 16, [1 x i8]* @p_str1211, [1 x i8]* @p_str1212)"   --->   Operation 8 'specinterface' <Predicate = true> <Delay = 0.00>
ST_1 : Operation 9 [1/1] (0.00ns)   --->   "call void (...)* @_ssdm_op_SpecInterface(i8* %res_V_data_26_V, [8 x i8]* @ap_fifo_str, i32 0, i32 0, [1 x i8]* @p_str1200, i32 0, i32 0, [1 x i8]* @p_str1201, [1 x i8]* @p_str1202, [1 x i8]* @p_str1203, i32 2, i32 2, i32 16, i32 16, [1 x i8]* @p_str1204, [1 x i8]* @p_str1205)"   --->   Operation 9 'specinterface' <Predicate = true> <Delay = 0.00>
ST_1 : Operation 10 [1/1] (0.00ns)   --->   "call void (...)* @_ssdm_op_SpecInterface(i8* %res_V_data_25_V, [8 x i8]* @ap_fifo_str, i32 0, i32 0, [1 x i8]* @p_str1193, i32 0, i32 0, [1 x i8]* @p_str1194, [1 x i8]* @p_str1195, [1 x i8]* @p_str1196, i32 2, i32 2, i32 16, i32 16, [1 x i8]* @p_str1197, [1 x i8]* @p_str1198)"   --->   Operation 10 'specinterface' <Predicate = true> <Delay = 0.00>
ST_1 : Operation 11 [1/1] (0.00ns)   --->   "call void (...)* @_ssdm_op_SpecInterface(i8* %res_V_data_24_V, [8 x i8]* @ap_fifo_str, i32 0, i32 0, [1 x i8]* @p_str1186, i32 0, i32 0, [1 x i8]* @p_str1187, [1 x i8]* @p_str1188, [1 x i8]* @p_str1189, i32 2, i32 2, i32 16, i32 16, [1 x i8]* @p_str1190, [1 x i8]* @p_str1191)"   --->   Operation 11 'specinterface' <Predicate = true> <Delay = 0.00>
ST_1 : Operation 12 [1/1] (0.00ns)   --->   "call void (...)* @_ssdm_op_SpecInterface(i8* %res_V_data_23_V, [8 x i8]* @ap_fifo_str, i32 0, i32 0, [1 x i8]* @p_str1179, i32 0, i32 0, [1 x i8]* @p_str1180, [1 x i8]* @p_str1181, [1 x i8]* @p_str1182, i32 2, i32 2, i32 16, i32 16, [1 x i8]* @p_str1183, [1 x i8]* @p_str1184)"   --->   Operation 12 'specinterface' <Predicate = true> <Delay = 0.00>
ST_1 : Operation 13 [1/1] (0.00ns)   --->   "call void (...)* @_ssdm_op_SpecInterface(i8* %res_V_data_22_V, [8 x i8]* @ap_fifo_str, i32 0, i32 0, [1 x i8]* @p_str1172, i32 0, i32 0, [1 x i8]* @p_str1173, [1 x i8]* @p_str1174, [1 x i8]* @p_str1175, i32 2, i32 2, i32 16, i32 16, [1 x i8]* @p_str1176, [1 x i8]* @p_str1177)"   --->   Operation 13 'specinterface' <Predicate = true> <Delay = 0.00>
ST_1 : Operation 14 [1/1] (0.00ns)   --->   "call void (...)* @_ssdm_op_SpecInterface(i8* %res_V_data_21_V, [8 x i8]* @ap_fifo_str, i32 0, i32 0, [1 x i8]* @p_str1165, i32 0, i32 0, [1 x i8]* @p_str1166, [1 x i8]* @p_str1167, [1 x i8]* @p_str1168, i32 2, i32 2, i32 16, i32 16, [1 x i8]* @p_str1169, [1 x i8]* @p_str1170)"   --->   Operation 14 'specinterface' <Predicate = true> <Delay = 0.00>
ST_1 : Operation 15 [1/1] (0.00ns)   --->   "call void (...)* @_ssdm_op_SpecInterface(i8* %res_V_data_20_V, [8 x i8]* @ap_fifo_str, i32 0, i32 0, [1 x i8]* @p_str1158, i32 0, i32 0, [1 x i8]* @p_str1159, [1 x i8]* @p_str1160, [1 x i8]* @p_str1161, i32 2, i32 2, i32 16, i32 16, [1 x i8]* @p_str1162, [1 x i8]* @p_str1163)"   --->   Operation 15 'specinterface' <Predicate = true> <Delay = 0.00>
ST_1 : Operation 16 [1/1] (0.00ns)   --->   "call void (...)* @_ssdm_op_SpecInterface(i8* %res_V_data_19_V, [8 x i8]* @ap_fifo_str, i32 0, i32 0, [1 x i8]* @p_str1151, i32 0, i32 0, [1 x i8]* @p_str1152, [1 x i8]* @p_str1153, [1 x i8]* @p_str1154, i32 2, i32 2, i32 16, i32 16, [1 x i8]* @p_str1155, [1 x i8]* @p_str1156)"   --->   Operation 16 'specinterface' <Predicate = true> <Delay = 0.00>
ST_1 : Operation 17 [1/1] (0.00ns)   --->   "call void (...)* @_ssdm_op_SpecInterface(i8* %res_V_data_18_V, [8 x i8]* @ap_fifo_str, i32 0, i32 0, [1 x i8]* @p_str1144, i32 0, i32 0, [1 x i8]* @p_str1145, [1 x i8]* @p_str1146, [1 x i8]* @p_str1147, i32 2, i32 2, i32 16, i32 16, [1 x i8]* @p_str1148, [1 x i8]* @p_str1149)"   --->   Operation 17 'specinterface' <Predicate = true> <Delay = 0.00>
ST_1 : Operation 18 [1/1] (0.00ns)   --->   "call void (...)* @_ssdm_op_SpecInterface(i8* %res_V_data_17_V, [8 x i8]* @ap_fifo_str, i32 0, i32 0, [1 x i8]* @p_str1137, i32 0, i32 0, [1 x i8]* @p_str1138, [1 x i8]* @p_str1139, [1 x i8]* @p_str1140, i32 2, i32 2, i32 16, i32 16, [1 x i8]* @p_str1141, [1 x i8]* @p_str1142)"   --->   Operation 18 'specinterface' <Predicate = true> <Delay = 0.00>
ST_1 : Operation 19 [1/1] (0.00ns)   --->   "call void (...)* @_ssdm_op_SpecInterface(i8* %res_V_data_16_V, [8 x i8]* @ap_fifo_str, i32 0, i32 0, [1 x i8]* @p_str1130, i32 0, i32 0, [1 x i8]* @p_str1131, [1 x i8]* @p_str1132, [1 x i8]* @p_str1133, i32 2, i32 2, i32 16, i32 16, [1 x i8]* @p_str1134, [1 x i8]* @p_str1135)"   --->   Operation 19 'specinterface' <Predicate = true> <Delay = 0.00>
ST_1 : Operation 20 [1/1] (0.00ns)   --->   "call void (...)* @_ssdm_op_SpecInterface(i8* %res_V_data_15_V, [8 x i8]* @ap_fifo_str, i32 0, i32 0, [1 x i8]* @p_str1123, i32 0, i32 0, [1 x i8]* @p_str1124, [1 x i8]* @p_str1125, [1 x i8]* @p_str1126, i32 2, i32 2, i32 16, i32 16, [1 x i8]* @p_str1127, [1 x i8]* @p_str1128)"   --->   Operation 20 'specinterface' <Predicate = true> <Delay = 0.00>
ST_1 : Operation 21 [1/1] (0.00ns)   --->   "call void (...)* @_ssdm_op_SpecInterface(i8* %res_V_data_14_V, [8 x i8]* @ap_fifo_str, i32 0, i32 0, [1 x i8]* @p_str1116, i32 0, i32 0, [1 x i8]* @p_str1117, [1 x i8]* @p_str1118, [1 x i8]* @p_str1119, i32 2, i32 2, i32 16, i32 16, [1 x i8]* @p_str1120, [1 x i8]* @p_str1121)"   --->   Operation 21 'specinterface' <Predicate = true> <Delay = 0.00>
ST_1 : Operation 22 [1/1] (0.00ns)   --->   "call void (...)* @_ssdm_op_SpecInterface(i8* %res_V_data_13_V, [8 x i8]* @ap_fifo_str, i32 0, i32 0, [1 x i8]* @p_str1109, i32 0, i32 0, [1 x i8]* @p_str1110, [1 x i8]* @p_str1111, [1 x i8]* @p_str1112, i32 2, i32 2, i32 16, i32 16, [1 x i8]* @p_str1113, [1 x i8]* @p_str1114)"   --->   Operation 22 'specinterface' <Predicate = true> <Delay = 0.00>
ST_1 : Operation 23 [1/1] (0.00ns)   --->   "call void (...)* @_ssdm_op_SpecInterface(i8* %res_V_data_12_V, [8 x i8]* @ap_fifo_str, i32 0, i32 0, [1 x i8]* @p_str1102, i32 0, i32 0, [1 x i8]* @p_str1103, [1 x i8]* @p_str1104, [1 x i8]* @p_str1105, i32 2, i32 2, i32 16, i32 16, [1 x i8]* @p_str1106, [1 x i8]* @p_str1107)"   --->   Operation 23 'specinterface' <Predicate = true> <Delay = 0.00>
ST_1 : Operation 24 [1/1] (0.00ns)   --->   "call void (...)* @_ssdm_op_SpecInterface(i8* %res_V_data_11_V, [8 x i8]* @ap_fifo_str, i32 0, i32 0, [1 x i8]* @p_str1095, i32 0, i32 0, [1 x i8]* @p_str1096, [1 x i8]* @p_str1097, [1 x i8]* @p_str1098, i32 2, i32 2, i32 16, i32 16, [1 x i8]* @p_str1099, [1 x i8]* @p_str1100)"   --->   Operation 24 'specinterface' <Predicate = true> <Delay = 0.00>
ST_1 : Operation 25 [1/1] (0.00ns)   --->   "call void (...)* @_ssdm_op_SpecInterface(i8* %res_V_data_10_V, [8 x i8]* @ap_fifo_str, i32 0, i32 0, [1 x i8]* @p_str1088, i32 0, i32 0, [1 x i8]* @p_str1089, [1 x i8]* @p_str1090, [1 x i8]* @p_str1091, i32 2, i32 2, i32 16, i32 16, [1 x i8]* @p_str1092, [1 x i8]* @p_str1093)"   --->   Operation 25 'specinterface' <Predicate = true> <Delay = 0.00>
ST_1 : Operation 26 [1/1] (0.00ns)   --->   "call void (...)* @_ssdm_op_SpecInterface(i8* %res_V_data_9_V, [8 x i8]* @ap_fifo_str, i32 0, i32 0, [1 x i8]* @p_str1081, i32 0, i32 0, [1 x i8]* @p_str1082, [1 x i8]* @p_str1083, [1 x i8]* @p_str1084, i32 2, i32 2, i32 16, i32 16, [1 x i8]* @p_str1085, [1 x i8]* @p_str1086)"   --->   Operation 26 'specinterface' <Predicate = true> <Delay = 0.00>
ST_1 : Operation 27 [1/1] (0.00ns)   --->   "call void (...)* @_ssdm_op_SpecInterface(i8* %res_V_data_8_V, [8 x i8]* @ap_fifo_str, i32 0, i32 0, [1 x i8]* @p_str1074, i32 0, i32 0, [1 x i8]* @p_str1075, [1 x i8]* @p_str1076, [1 x i8]* @p_str1077, i32 2, i32 2, i32 16, i32 16, [1 x i8]* @p_str1078, [1 x i8]* @p_str1079)"   --->   Operation 27 'specinterface' <Predicate = true> <Delay = 0.00>
ST_1 : Operation 28 [1/1] (0.00ns)   --->   "call void (...)* @_ssdm_op_SpecInterface(i8* %res_V_data_7_V, [8 x i8]* @ap_fifo_str, i32 0, i32 0, [1 x i8]* @p_str1067, i32 0, i32 0, [1 x i8]* @p_str1068, [1 x i8]* @p_str1069, [1 x i8]* @p_str1070, i32 2, i32 2, i32 16, i32 16, [1 x i8]* @p_str1071, [1 x i8]* @p_str1072)"   --->   Operation 28 'specinterface' <Predicate = true> <Delay = 0.00>
ST_1 : Operation 29 [1/1] (0.00ns)   --->   "call void (...)* @_ssdm_op_SpecInterface(i8* %res_V_data_6_V, [8 x i8]* @ap_fifo_str, i32 0, i32 0, [1 x i8]* @p_str1060, i32 0, i32 0, [1 x i8]* @p_str1061, [1 x i8]* @p_str1062, [1 x i8]* @p_str1063, i32 2, i32 2, i32 16, i32 16, [1 x i8]* @p_str1064, [1 x i8]* @p_str1065)"   --->   Operation 29 'specinterface' <Predicate = true> <Delay = 0.00>
ST_1 : Operation 30 [1/1] (0.00ns)   --->   "call void (...)* @_ssdm_op_SpecInterface(i8* %res_V_data_5_V, [8 x i8]* @ap_fifo_str, i32 0, i32 0, [1 x i8]* @p_str1053, i32 0, i32 0, [1 x i8]* @p_str1054, [1 x i8]* @p_str1055, [1 x i8]* @p_str1056, i32 2, i32 2, i32 16, i32 16, [1 x i8]* @p_str1057, [1 x i8]* @p_str1058)"   --->   Operation 30 'specinterface' <Predicate = true> <Delay = 0.00>
ST_1 : Operation 31 [1/1] (0.00ns)   --->   "call void (...)* @_ssdm_op_SpecInterface(i8* %res_V_data_4_V, [8 x i8]* @ap_fifo_str, i32 0, i32 0, [1 x i8]* @p_str1046, i32 0, i32 0, [1 x i8]* @p_str1047, [1 x i8]* @p_str1048, [1 x i8]* @p_str1049, i32 2, i32 2, i32 16, i32 16, [1 x i8]* @p_str1050, [1 x i8]* @p_str1051)"   --->   Operation 31 'specinterface' <Predicate = true> <Delay = 0.00>
ST_1 : Operation 32 [1/1] (0.00ns)   --->   "call void (...)* @_ssdm_op_SpecInterface(i8* %res_V_data_3_V, [8 x i8]* @ap_fifo_str, i32 0, i32 0, [1 x i8]* @p_str1039, i32 0, i32 0, [1 x i8]* @p_str1040, [1 x i8]* @p_str1041, [1 x i8]* @p_str1042, i32 2, i32 2, i32 16, i32 16, [1 x i8]* @p_str1043, [1 x i8]* @p_str1044)"   --->   Operation 32 'specinterface' <Predicate = true> <Delay = 0.00>
ST_1 : Operation 33 [1/1] (0.00ns)   --->   "call void (...)* @_ssdm_op_SpecInterface(i8* %res_V_data_2_V, [8 x i8]* @ap_fifo_str, i32 0, i32 0, [1 x i8]* @p_str1032, i32 0, i32 0, [1 x i8]* @p_str1033, [1 x i8]* @p_str1034, [1 x i8]* @p_str1035, i32 2, i32 2, i32 16, i32 16, [1 x i8]* @p_str1036, [1 x i8]* @p_str1037)"   --->   Operation 33 'specinterface' <Predicate = true> <Delay = 0.00>
ST_1 : Operation 34 [1/1] (0.00ns)   --->   "call void (...)* @_ssdm_op_SpecInterface(i8* %res_V_data_1_V, [8 x i8]* @ap_fifo_str, i32 0, i32 0, [1 x i8]* @p_str1025, i32 0, i32 0, [1 x i8]* @p_str1026, [1 x i8]* @p_str1027, [1 x i8]* @p_str1028, i32 2, i32 2, i32 16, i32 16, [1 x i8]* @p_str1029, [1 x i8]* @p_str1030)"   --->   Operation 34 'specinterface' <Predicate = true> <Delay = 0.00>
ST_1 : Operation 35 [1/1] (0.00ns)   --->   "call void (...)* @_ssdm_op_SpecInterface(i8* %res_V_data_0_V, [8 x i8]* @ap_fifo_str, i32 0, i32 0, [1 x i8]* @p_str1018, i32 0, i32 0, [1 x i8]* @p_str1019, [1 x i8]* @p_str1020, [1 x i8]* @p_str1021, i32 2, i32 2, i32 16, i32 16, [1 x i8]* @p_str1022, [1 x i8]* @p_str1023)"   --->   Operation 35 'specinterface' <Predicate = true> <Delay = 0.00>
ST_1 : Operation 36 [1/1] (0.00ns)   --->   "call void (...)* @_ssdm_op_SpecInterface(i8* %data_V_data_31_V, [8 x i8]* @ap_fifo_str, i32 0, i32 0, [1 x i8]* @p_str1011, i32 0, i32 0, [1 x i8]* @p_str1012, [1 x i8]* @p_str1013, [1 x i8]* @p_str1014, i32 2, i32 2, i32 16, i32 16, [1 x i8]* @p_str1015, [1 x i8]* @p_str1016)"   --->   Operation 36 'specinterface' <Predicate = true> <Delay = 0.00>
ST_1 : Operation 37 [1/1] (0.00ns)   --->   "call void (...)* @_ssdm_op_SpecInterface(i8* %data_V_data_30_V, [8 x i8]* @ap_fifo_str, i32 0, i32 0, [1 x i8]* @p_str1004, i32 0, i32 0, [1 x i8]* @p_str1005, [1 x i8]* @p_str1006, [1 x i8]* @p_str1007, i32 2, i32 2, i32 16, i32 16, [1 x i8]* @p_str1008, [1 x i8]* @p_str1009)"   --->   Operation 37 'specinterface' <Predicate = true> <Delay = 0.00>
ST_1 : Operation 38 [1/1] (0.00ns)   --->   "call void (...)* @_ssdm_op_SpecInterface(i8* %data_V_data_29_V, [8 x i8]* @ap_fifo_str, i32 0, i32 0, [1 x i8]* @p_str997, i32 0, i32 0, [1 x i8]* @p_str998, [1 x i8]* @p_str999, [1 x i8]* @p_str1000, i32 2, i32 2, i32 16, i32 16, [1 x i8]* @p_str1001, [1 x i8]* @p_str1002)"   --->   Operation 38 'specinterface' <Predicate = true> <Delay = 0.00>
ST_1 : Operation 39 [1/1] (0.00ns)   --->   "call void (...)* @_ssdm_op_SpecInterface(i8* %data_V_data_28_V, [8 x i8]* @ap_fifo_str, i32 0, i32 0, [1 x i8]* @p_str990, i32 0, i32 0, [1 x i8]* @p_str991, [1 x i8]* @p_str992, [1 x i8]* @p_str993, i32 2, i32 2, i32 16, i32 16, [1 x i8]* @p_str994, [1 x i8]* @p_str995)"   --->   Operation 39 'specinterface' <Predicate = true> <Delay = 0.00>
ST_1 : Operation 40 [1/1] (0.00ns)   --->   "call void (...)* @_ssdm_op_SpecInterface(i8* %data_V_data_27_V, [8 x i8]* @ap_fifo_str, i32 0, i32 0, [1 x i8]* @p_str983, i32 0, i32 0, [1 x i8]* @p_str984, [1 x i8]* @p_str985, [1 x i8]* @p_str986, i32 2, i32 2, i32 16, i32 16, [1 x i8]* @p_str987, [1 x i8]* @p_str988)"   --->   Operation 40 'specinterface' <Predicate = true> <Delay = 0.00>
ST_1 : Operation 41 [1/1] (0.00ns)   --->   "call void (...)* @_ssdm_op_SpecInterface(i8* %data_V_data_26_V, [8 x i8]* @ap_fifo_str, i32 0, i32 0, [1 x i8]* @p_str976, i32 0, i32 0, [1 x i8]* @p_str977, [1 x i8]* @p_str978, [1 x i8]* @p_str979, i32 2, i32 2, i32 16, i32 16, [1 x i8]* @p_str980, [1 x i8]* @p_str981)"   --->   Operation 41 'specinterface' <Predicate = true> <Delay = 0.00>
ST_1 : Operation 42 [1/1] (0.00ns)   --->   "call void (...)* @_ssdm_op_SpecInterface(i8* %data_V_data_25_V, [8 x i8]* @ap_fifo_str, i32 0, i32 0, [1 x i8]* @p_str969, i32 0, i32 0, [1 x i8]* @p_str970, [1 x i8]* @p_str971, [1 x i8]* @p_str972, i32 2, i32 2, i32 16, i32 16, [1 x i8]* @p_str973, [1 x i8]* @p_str974)"   --->   Operation 42 'specinterface' <Predicate = true> <Delay = 0.00>
ST_1 : Operation 43 [1/1] (0.00ns)   --->   "call void (...)* @_ssdm_op_SpecInterface(i8* %data_V_data_24_V, [8 x i8]* @ap_fifo_str, i32 0, i32 0, [1 x i8]* @p_str962, i32 0, i32 0, [1 x i8]* @p_str963, [1 x i8]* @p_str964, [1 x i8]* @p_str965, i32 2, i32 2, i32 16, i32 16, [1 x i8]* @p_str966, [1 x i8]* @p_str967)"   --->   Operation 43 'specinterface' <Predicate = true> <Delay = 0.00>
ST_1 : Operation 44 [1/1] (0.00ns)   --->   "call void (...)* @_ssdm_op_SpecInterface(i8* %data_V_data_23_V, [8 x i8]* @ap_fifo_str, i32 0, i32 0, [1 x i8]* @p_str955, i32 0, i32 0, [1 x i8]* @p_str956, [1 x i8]* @p_str957, [1 x i8]* @p_str958, i32 2, i32 2, i32 16, i32 16, [1 x i8]* @p_str959, [1 x i8]* @p_str960)"   --->   Operation 44 'specinterface' <Predicate = true> <Delay = 0.00>
ST_1 : Operation 45 [1/1] (0.00ns)   --->   "call void (...)* @_ssdm_op_SpecInterface(i8* %data_V_data_22_V, [8 x i8]* @ap_fifo_str, i32 0, i32 0, [1 x i8]* @p_str948, i32 0, i32 0, [1 x i8]* @p_str949, [1 x i8]* @p_str950, [1 x i8]* @p_str951, i32 2, i32 2, i32 16, i32 16, [1 x i8]* @p_str952, [1 x i8]* @p_str953)"   --->   Operation 45 'specinterface' <Predicate = true> <Delay = 0.00>
ST_1 : Operation 46 [1/1] (0.00ns)   --->   "call void (...)* @_ssdm_op_SpecInterface(i8* %data_V_data_21_V, [8 x i8]* @ap_fifo_str, i32 0, i32 0, [1 x i8]* @p_str941, i32 0, i32 0, [1 x i8]* @p_str942, [1 x i8]* @p_str943, [1 x i8]* @p_str944, i32 2, i32 2, i32 16, i32 16, [1 x i8]* @p_str945, [1 x i8]* @p_str946)"   --->   Operation 46 'specinterface' <Predicate = true> <Delay = 0.00>
ST_1 : Operation 47 [1/1] (0.00ns)   --->   "call void (...)* @_ssdm_op_SpecInterface(i8* %data_V_data_20_V, [8 x i8]* @ap_fifo_str, i32 0, i32 0, [1 x i8]* @p_str934, i32 0, i32 0, [1 x i8]* @p_str935, [1 x i8]* @p_str936, [1 x i8]* @p_str937, i32 2, i32 2, i32 16, i32 16, [1 x i8]* @p_str938, [1 x i8]* @p_str939)"   --->   Operation 47 'specinterface' <Predicate = true> <Delay = 0.00>
ST_1 : Operation 48 [1/1] (0.00ns)   --->   "call void (...)* @_ssdm_op_SpecInterface(i8* %data_V_data_19_V, [8 x i8]* @ap_fifo_str, i32 0, i32 0, [1 x i8]* @p_str927, i32 0, i32 0, [1 x i8]* @p_str928, [1 x i8]* @p_str929, [1 x i8]* @p_str930, i32 2, i32 2, i32 16, i32 16, [1 x i8]* @p_str931, [1 x i8]* @p_str932)"   --->   Operation 48 'specinterface' <Predicate = true> <Delay = 0.00>
ST_1 : Operation 49 [1/1] (0.00ns)   --->   "call void (...)* @_ssdm_op_SpecInterface(i8* %data_V_data_18_V, [8 x i8]* @ap_fifo_str, i32 0, i32 0, [1 x i8]* @p_str920, i32 0, i32 0, [1 x i8]* @p_str921, [1 x i8]* @p_str922, [1 x i8]* @p_str923, i32 2, i32 2, i32 16, i32 16, [1 x i8]* @p_str924, [1 x i8]* @p_str925)"   --->   Operation 49 'specinterface' <Predicate = true> <Delay = 0.00>
ST_1 : Operation 50 [1/1] (0.00ns)   --->   "call void (...)* @_ssdm_op_SpecInterface(i8* %data_V_data_17_V, [8 x i8]* @ap_fifo_str, i32 0, i32 0, [1 x i8]* @p_str913, i32 0, i32 0, [1 x i8]* @p_str914, [1 x i8]* @p_str915, [1 x i8]* @p_str916, i32 2, i32 2, i32 16, i32 16, [1 x i8]* @p_str917, [1 x i8]* @p_str918)"   --->   Operation 50 'specinterface' <Predicate = true> <Delay = 0.00>
ST_1 : Operation 51 [1/1] (0.00ns)   --->   "call void (...)* @_ssdm_op_SpecInterface(i8* %data_V_data_16_V, [8 x i8]* @ap_fifo_str, i32 0, i32 0, [1 x i8]* @p_str906, i32 0, i32 0, [1 x i8]* @p_str907, [1 x i8]* @p_str908, [1 x i8]* @p_str909, i32 2, i32 2, i32 16, i32 16, [1 x i8]* @p_str910, [1 x i8]* @p_str911)"   --->   Operation 51 'specinterface' <Predicate = true> <Delay = 0.00>
ST_1 : Operation 52 [1/1] (0.00ns)   --->   "call void (...)* @_ssdm_op_SpecInterface(i8* %data_V_data_15_V, [8 x i8]* @ap_fifo_str, i32 0, i32 0, [1 x i8]* @p_str899, i32 0, i32 0, [1 x i8]* @p_str900, [1 x i8]* @p_str901, [1 x i8]* @p_str902, i32 2, i32 2, i32 16, i32 16, [1 x i8]* @p_str903, [1 x i8]* @p_str904)"   --->   Operation 52 'specinterface' <Predicate = true> <Delay = 0.00>
ST_1 : Operation 53 [1/1] (0.00ns)   --->   "call void (...)* @_ssdm_op_SpecInterface(i8* %data_V_data_14_V, [8 x i8]* @ap_fifo_str, i32 0, i32 0, [1 x i8]* @p_str892, i32 0, i32 0, [1 x i8]* @p_str893, [1 x i8]* @p_str894, [1 x i8]* @p_str895, i32 2, i32 2, i32 16, i32 16, [1 x i8]* @p_str896, [1 x i8]* @p_str897)"   --->   Operation 53 'specinterface' <Predicate = true> <Delay = 0.00>
ST_1 : Operation 54 [1/1] (0.00ns)   --->   "call void (...)* @_ssdm_op_SpecInterface(i8* %data_V_data_13_V, [8 x i8]* @ap_fifo_str, i32 0, i32 0, [1 x i8]* @p_str885, i32 0, i32 0, [1 x i8]* @p_str886, [1 x i8]* @p_str887, [1 x i8]* @p_str888, i32 2, i32 2, i32 16, i32 16, [1 x i8]* @p_str889, [1 x i8]* @p_str890)"   --->   Operation 54 'specinterface' <Predicate = true> <Delay = 0.00>
ST_1 : Operation 55 [1/1] (0.00ns)   --->   "call void (...)* @_ssdm_op_SpecInterface(i8* %data_V_data_12_V, [8 x i8]* @ap_fifo_str, i32 0, i32 0, [1 x i8]* @p_str878, i32 0, i32 0, [1 x i8]* @p_str879, [1 x i8]* @p_str880, [1 x i8]* @p_str881, i32 2, i32 2, i32 16, i32 16, [1 x i8]* @p_str882, [1 x i8]* @p_str883)"   --->   Operation 55 'specinterface' <Predicate = true> <Delay = 0.00>
ST_1 : Operation 56 [1/1] (0.00ns)   --->   "call void (...)* @_ssdm_op_SpecInterface(i8* %data_V_data_11_V, [8 x i8]* @ap_fifo_str, i32 0, i32 0, [1 x i8]* @p_str871, i32 0, i32 0, [1 x i8]* @p_str872, [1 x i8]* @p_str873, [1 x i8]* @p_str874, i32 2, i32 2, i32 16, i32 16, [1 x i8]* @p_str875, [1 x i8]* @p_str876)"   --->   Operation 56 'specinterface' <Predicate = true> <Delay = 0.00>
ST_1 : Operation 57 [1/1] (0.00ns)   --->   "call void (...)* @_ssdm_op_SpecInterface(i8* %data_V_data_10_V, [8 x i8]* @ap_fifo_str, i32 0, i32 0, [1 x i8]* @p_str864, i32 0, i32 0, [1 x i8]* @p_str865, [1 x i8]* @p_str866, [1 x i8]* @p_str867, i32 2, i32 2, i32 16, i32 16, [1 x i8]* @p_str868, [1 x i8]* @p_str869)"   --->   Operation 57 'specinterface' <Predicate = true> <Delay = 0.00>
ST_1 : Operation 58 [1/1] (0.00ns)   --->   "call void (...)* @_ssdm_op_SpecInterface(i8* %data_V_data_9_V, [8 x i8]* @ap_fifo_str, i32 0, i32 0, [1 x i8]* @p_str857, i32 0, i32 0, [1 x i8]* @p_str858, [1 x i8]* @p_str859, [1 x i8]* @p_str860, i32 2, i32 2, i32 16, i32 16, [1 x i8]* @p_str861, [1 x i8]* @p_str862)"   --->   Operation 58 'specinterface' <Predicate = true> <Delay = 0.00>
ST_1 : Operation 59 [1/1] (0.00ns)   --->   "call void (...)* @_ssdm_op_SpecInterface(i8* %data_V_data_8_V, [8 x i8]* @ap_fifo_str, i32 0, i32 0, [1 x i8]* @p_str850, i32 0, i32 0, [1 x i8]* @p_str851, [1 x i8]* @p_str852, [1 x i8]* @p_str853, i32 2, i32 2, i32 16, i32 16, [1 x i8]* @p_str854, [1 x i8]* @p_str855)"   --->   Operation 59 'specinterface' <Predicate = true> <Delay = 0.00>
ST_1 : Operation 60 [1/1] (0.00ns)   --->   "call void (...)* @_ssdm_op_SpecInterface(i8* %data_V_data_7_V, [8 x i8]* @ap_fifo_str, i32 0, i32 0, [1 x i8]* @p_str843, i32 0, i32 0, [1 x i8]* @p_str844, [1 x i8]* @p_str845, [1 x i8]* @p_str846, i32 2, i32 2, i32 16, i32 16, [1 x i8]* @p_str847, [1 x i8]* @p_str848)"   --->   Operation 60 'specinterface' <Predicate = true> <Delay = 0.00>
ST_1 : Operation 61 [1/1] (0.00ns)   --->   "call void (...)* @_ssdm_op_SpecInterface(i8* %data_V_data_6_V, [8 x i8]* @ap_fifo_str, i32 0, i32 0, [1 x i8]* @p_str836, i32 0, i32 0, [1 x i8]* @p_str837, [1 x i8]* @p_str838, [1 x i8]* @p_str839, i32 2, i32 2, i32 16, i32 16, [1 x i8]* @p_str840, [1 x i8]* @p_str841)"   --->   Operation 61 'specinterface' <Predicate = true> <Delay = 0.00>
ST_1 : Operation 62 [1/1] (0.00ns)   --->   "call void (...)* @_ssdm_op_SpecInterface(i8* %data_V_data_5_V, [8 x i8]* @ap_fifo_str, i32 0, i32 0, [1 x i8]* @p_str829, i32 0, i32 0, [1 x i8]* @p_str830, [1 x i8]* @p_str831, [1 x i8]* @p_str832, i32 2, i32 2, i32 16, i32 16, [1 x i8]* @p_str833, [1 x i8]* @p_str834)"   --->   Operation 62 'specinterface' <Predicate = true> <Delay = 0.00>
ST_1 : Operation 63 [1/1] (0.00ns)   --->   "call void (...)* @_ssdm_op_SpecInterface(i8* %data_V_data_4_V, [8 x i8]* @ap_fifo_str, i32 0, i32 0, [1 x i8]* @p_str822, i32 0, i32 0, [1 x i8]* @p_str823, [1 x i8]* @p_str824, [1 x i8]* @p_str825, i32 2, i32 2, i32 16, i32 16, [1 x i8]* @p_str826, [1 x i8]* @p_str827)"   --->   Operation 63 'specinterface' <Predicate = true> <Delay = 0.00>
ST_1 : Operation 64 [1/1] (0.00ns)   --->   "call void (...)* @_ssdm_op_SpecInterface(i8* %data_V_data_3_V, [8 x i8]* @ap_fifo_str, i32 0, i32 0, [1 x i8]* @p_str815, i32 0, i32 0, [1 x i8]* @p_str816, [1 x i8]* @p_str817, [1 x i8]* @p_str818, i32 2, i32 2, i32 16, i32 16, [1 x i8]* @p_str819, [1 x i8]* @p_str820)"   --->   Operation 64 'specinterface' <Predicate = true> <Delay = 0.00>
ST_1 : Operation 65 [1/1] (0.00ns)   --->   "call void (...)* @_ssdm_op_SpecInterface(i8* %data_V_data_2_V, [8 x i8]* @ap_fifo_str, i32 0, i32 0, [1 x i8]* @p_str808, i32 0, i32 0, [1 x i8]* @p_str809, [1 x i8]* @p_str810, [1 x i8]* @p_str811, i32 2, i32 2, i32 16, i32 16, [1 x i8]* @p_str812, [1 x i8]* @p_str813)"   --->   Operation 65 'specinterface' <Predicate = true> <Delay = 0.00>
ST_1 : Operation 66 [1/1] (0.00ns)   --->   "call void (...)* @_ssdm_op_SpecInterface(i8* %data_V_data_1_V, [8 x i8]* @ap_fifo_str, i32 0, i32 0, [1 x i8]* @p_str801, i32 0, i32 0, [1 x i8]* @p_str802, [1 x i8]* @p_str803, [1 x i8]* @p_str804, i32 2, i32 2, i32 16, i32 16, [1 x i8]* @p_str805, [1 x i8]* @p_str806)"   --->   Operation 66 'specinterface' <Predicate = true> <Delay = 0.00>
ST_1 : Operation 67 [1/1] (0.00ns)   --->   "call void (...)* @_ssdm_op_SpecInterface(i8* %data_V_data_0_V, [8 x i8]* @ap_fifo_str, i32 0, i32 0, [1 x i8]* @p_str794, i32 0, i32 0, [1 x i8]* @p_str795, [1 x i8]* @p_str796, [1 x i8]* @p_str797, i32 2, i32 2, i32 16, i32 16, [1 x i8]* @p_str798, [1 x i8]* @p_str799)"   --->   Operation 67 'specinterface' <Predicate = true> <Delay = 0.00>
ST_1 : Operation 68 [1/1] (1.76ns)   --->   "br label %1" [firmware/nnet_utils/nnet_padding_stream.h:61]   --->   Operation 68 'br' <Predicate = true> <Delay = 1.76>

State 2 <SV = 1> <Delay = 1.82>
ST_2 : Operation 69 [1/1] (0.00ns)   --->   "%i1_0 = phi i6 [ 0, %0 ], [ %i, %PadMain_end ]"   --->   Operation 69 'phi' 'i1_0' <Predicate = true> <Delay = 0.00>
ST_2 : Operation 70 [1/1] (1.42ns)   --->   "%icmp_ln61 = icmp eq i6 %i1_0, -32" [firmware/nnet_utils/nnet_padding_stream.h:61]   --->   Operation 70 'icmp' 'icmp_ln61' <Predicate = true> <Delay = 1.42> <Core = "Cmp">   --->   Core 25 'Cmp' <Latency = 0> <II = 1> <Delay = 1.42> <FuncUnit> <Opcode : 'icmp'> <InPorts = 2> <OutPorts = 1>
ST_2 : Operation 71 [1/1] (0.00ns)   --->   "%empty = call i32 (...)* @_ssdm_op_SpecLoopTripCount(i64 32, i64 32, i64 32)"   --->   Operation 71 'speclooptripcount' 'empty' <Predicate = true> <Delay = 0.00>
ST_2 : Operation 72 [1/1] (1.82ns)   --->   "%i = add i6 %i1_0, 1" [firmware/nnet_utils/nnet_padding_stream.h:61]   --->   Operation 72 'add' 'i' <Predicate = true> <Delay = 1.82> <Core = "AddSub">   --->   Core 14 'AddSub' <Latency = 0> <II = 1> <Delay = 1.82> <FuncUnit> <Opcode : 'add' 'sub'> <InPorts = 2> <OutPorts = 1>
ST_2 : Operation 73 [1/1] (0.00ns)   --->   "br i1 %icmp_ln61, label %3, label %PadMain_begin" [firmware/nnet_utils/nnet_padding_stream.h:61]   --->   Operation 73 'br' <Predicate = true> <Delay = 0.00>
ST_2 : Operation 74 [1/1] (0.00ns)   --->   "call void (...)* @_ssdm_op_SpecLoopName([8 x i8]* @p_str55) nounwind" [firmware/nnet_utils/nnet_padding_stream.h:61]   --->   Operation 74 'specloopname' <Predicate = (!icmp_ln61)> <Delay = 0.00>
ST_2 : Operation 75 [1/1] (0.00ns)   --->   "%tmp = call i32 (...)* @_ssdm_op_SpecRegionBegin([8 x i8]* @p_str55)" [firmware/nnet_utils/nnet_padding_stream.h:61]   --->   Operation 75 'specregionbegin' 'tmp' <Predicate = (!icmp_ln61)> <Delay = 0.00>
ST_2 : Operation 76 [1/1] (1.76ns)   --->   "br label %2" [firmware/nnet_utils/nnet_padding_stream.h:65]   --->   Operation 76 'br' <Predicate = (!icmp_ln61)> <Delay = 1.76>
ST_2 : Operation 77 [1/1] (0.00ns)   --->   "ret void" [firmware/nnet_utils/nnet_padding_stream.h:78]   --->   Operation 77 'ret' <Predicate = (icmp_ln61)> <Delay = 0.00>

State 3 <SV = 2> <Delay = 7.26>
ST_3 : Operation 78 [1/1] (0.00ns)   --->   "%j3_0 = phi i6 [ 0, %PadMain_begin ], [ %j, %"fill_data<array<ap_fixed<8, 3, 0, 0, 0>, 32u>, array<ap_fixed<8, 3, 0, 0, 0>, 32u>, config22>.exit" ]"   --->   Operation 78 'phi' 'j3_0' <Predicate = true> <Delay = 0.00>
ST_3 : Operation 79 [1/1] (1.42ns)   --->   "%icmp_ln65 = icmp eq i6 %j3_0, -32" [firmware/nnet_utils/nnet_padding_stream.h:65]   --->   Operation 79 'icmp' 'icmp_ln65' <Predicate = true> <Delay = 1.42> <Core = "Cmp">   --->   Core 25 'Cmp' <Latency = 0> <II = 1> <Delay = 1.42> <FuncUnit> <Opcode : 'icmp'> <InPorts = 2> <OutPorts = 1>
ST_3 : Operation 80 [1/1] (0.00ns)   --->   "%empty_34 = call i32 (...)* @_ssdm_op_SpecLoopTripCount(i64 32, i64 32, i64 32)"   --->   Operation 80 'speclooptripcount' 'empty_34' <Predicate = true> <Delay = 0.00>
ST_3 : Operation 81 [1/1] (1.82ns)   --->   "%j = add i6 %j3_0, 1" [firmware/nnet_utils/nnet_padding_stream.h:65]   --->   Operation 81 'add' 'j' <Predicate = true> <Delay = 1.82> <Core = "AddSub">   --->   Core 14 'AddSub' <Latency = 0> <II = 1> <Delay = 1.82> <FuncUnit> <Opcode : 'add' 'sub'> <InPorts = 2> <OutPorts = 1>
ST_3 : Operation 82 [1/1] (0.00ns)   --->   "br i1 %icmp_ln65, label %PadMain_end, label %"fill_data<array<ap_fixed<8, 3, 0, 0, 0>, 32u>, array<ap_fixed<8, 3, 0, 0, 0>, 32u>, config22>.exit"" [firmware/nnet_utils/nnet_padding_stream.h:65]   --->   Operation 82 'br' <Predicate = true> <Delay = 0.00>
ST_3 : Operation 83 [1/1] (0.00ns)   --->   "call void (...)* @_ssdm_op_SpecLoopName([9 x i8]* @p_str57) nounwind" [firmware/nnet_utils/nnet_padding_stream.h:65]   --->   Operation 83 'specloopname' <Predicate = (!icmp_ln65)> <Delay = 0.00>
ST_3 : Operation 84 [1/1] (3.63ns)   --->   "%empty_35 = call { i8, i8, i8, i8, i8, i8, i8, i8, i8, i8, i8, i8, i8, i8, i8, i8, i8, i8, i8, i8, i8, i8, i8, i8, i8, i8, i8, i8, i8, i8, i8, i8 } @_ssdm_op_Read.ap_fifo.volatile.i8P.i8P.i8P.i8P.i8P.i8P.i8P.i8P.i8P.i8P.i8P.i8P.i8P.i8P.i8P.i8P.i8P.i8P.i8P.i8P.i8P.i8P.i8P.i8P.i8P.i8P.i8P.i8P.i8P.i8P.i8P.i8P(i8* %data_V_data_0_V, i8* %data_V_data_1_V, i8* %data_V_data_2_V, i8* %data_V_data_3_V, i8* %data_V_data_4_V, i8* %data_V_data_5_V, i8* %data_V_data_6_V, i8* %data_V_data_7_V, i8* %data_V_data_8_V, i8* %data_V_data_9_V, i8* %data_V_data_10_V, i8* %data_V_data_11_V, i8* %data_V_data_12_V, i8* %data_V_data_13_V, i8* %data_V_data_14_V, i8* %data_V_data_15_V, i8* %data_V_data_16_V, i8* %data_V_data_17_V, i8* %data_V_data_18_V, i8* %data_V_data_19_V, i8* %data_V_data_20_V, i8* %data_V_data_21_V, i8* %data_V_data_22_V, i8* %data_V_data_23_V, i8* %data_V_data_24_V, i8* %data_V_data_25_V, i8* %data_V_data_26_V, i8* %data_V_data_27_V, i8* %data_V_data_28_V, i8* %data_V_data_29_V, i8* %data_V_data_30_V, i8* %data_V_data_31_V)" [firmware/nnet_utils/nnet_padding_stream.h:22->firmware/nnet_utils/nnet_padding_stream.h:66]   --->   Operation 84 'read' 'empty_35' <Predicate = (!icmp_ln65)> <Delay = 3.63> <Core = "FIFO_SRL">   --->   Core 36 'FIFO_SRL' <Latency = 0> <II = 1> <Delay = 3.63> <Storage> <Opcode : 'read' 'write' 'nbread' 'nbwrite'> <Ports = 0> <Width = 8> <Depth = 0> <FIFO>
ST_3 : Operation 85 [1/1] (0.00ns)   --->   "%tmp_data_0_V = extractvalue { i8, i8, i8, i8, i8, i8, i8, i8, i8, i8, i8, i8, i8, i8, i8, i8, i8, i8, i8, i8, i8, i8, i8, i8, i8, i8, i8, i8, i8, i8, i8, i8 } %empty_35, 0" [firmware/nnet_utils/nnet_padding_stream.h:22->firmware/nnet_utils/nnet_padding_stream.h:66]   --->   Operation 85 'extractvalue' 'tmp_data_0_V' <Predicate = (!icmp_ln65)> <Delay = 0.00>
ST_3 : Operation 86 [1/1] (0.00ns)   --->   "%tmp_data_1_V = extractvalue { i8, i8, i8, i8, i8, i8, i8, i8, i8, i8, i8, i8, i8, i8, i8, i8, i8, i8, i8, i8, i8, i8, i8, i8, i8, i8, i8, i8, i8, i8, i8, i8 } %empty_35, 1" [firmware/nnet_utils/nnet_padding_stream.h:22->firmware/nnet_utils/nnet_padding_stream.h:66]   --->   Operation 86 'extractvalue' 'tmp_data_1_V' <Predicate = (!icmp_ln65)> <Delay = 0.00>
ST_3 : Operation 87 [1/1] (0.00ns)   --->   "%tmp_data_2_V = extractvalue { i8, i8, i8, i8, i8, i8, i8, i8, i8, i8, i8, i8, i8, i8, i8, i8, i8, i8, i8, i8, i8, i8, i8, i8, i8, i8, i8, i8, i8, i8, i8, i8 } %empty_35, 2" [firmware/nnet_utils/nnet_padding_stream.h:22->firmware/nnet_utils/nnet_padding_stream.h:66]   --->   Operation 87 'extractvalue' 'tmp_data_2_V' <Predicate = (!icmp_ln65)> <Delay = 0.00>
ST_3 : Operation 88 [1/1] (0.00ns)   --->   "%tmp_data_3_V = extractvalue { i8, i8, i8, i8, i8, i8, i8, i8, i8, i8, i8, i8, i8, i8, i8, i8, i8, i8, i8, i8, i8, i8, i8, i8, i8, i8, i8, i8, i8, i8, i8, i8 } %empty_35, 3" [firmware/nnet_utils/nnet_padding_stream.h:22->firmware/nnet_utils/nnet_padding_stream.h:66]   --->   Operation 88 'extractvalue' 'tmp_data_3_V' <Predicate = (!icmp_ln65)> <Delay = 0.00>
ST_3 : Operation 89 [1/1] (0.00ns)   --->   "%tmp_data_4_V = extractvalue { i8, i8, i8, i8, i8, i8, i8, i8, i8, i8, i8, i8, i8, i8, i8, i8, i8, i8, i8, i8, i8, i8, i8, i8, i8, i8, i8, i8, i8, i8, i8, i8 } %empty_35, 4" [firmware/nnet_utils/nnet_padding_stream.h:22->firmware/nnet_utils/nnet_padding_stream.h:66]   --->   Operation 89 'extractvalue' 'tmp_data_4_V' <Predicate = (!icmp_ln65)> <Delay = 0.00>
ST_3 : Operation 90 [1/1] (0.00ns)   --->   "%tmp_data_5_V = extractvalue { i8, i8, i8, i8, i8, i8, i8, i8, i8, i8, i8, i8, i8, i8, i8, i8, i8, i8, i8, i8, i8, i8, i8, i8, i8, i8, i8, i8, i8, i8, i8, i8 } %empty_35, 5" [firmware/nnet_utils/nnet_padding_stream.h:22->firmware/nnet_utils/nnet_padding_stream.h:66]   --->   Operation 90 'extractvalue' 'tmp_data_5_V' <Predicate = (!icmp_ln65)> <Delay = 0.00>
ST_3 : Operation 91 [1/1] (0.00ns)   --->   "%tmp_data_6_V = extractvalue { i8, i8, i8, i8, i8, i8, i8, i8, i8, i8, i8, i8, i8, i8, i8, i8, i8, i8, i8, i8, i8, i8, i8, i8, i8, i8, i8, i8, i8, i8, i8, i8 } %empty_35, 6" [firmware/nnet_utils/nnet_padding_stream.h:22->firmware/nnet_utils/nnet_padding_stream.h:66]   --->   Operation 91 'extractvalue' 'tmp_data_6_V' <Predicate = (!icmp_ln65)> <Delay = 0.00>
ST_3 : Operation 92 [1/1] (0.00ns)   --->   "%tmp_data_7_V = extractvalue { i8, i8, i8, i8, i8, i8, i8, i8, i8, i8, i8, i8, i8, i8, i8, i8, i8, i8, i8, i8, i8, i8, i8, i8, i8, i8, i8, i8, i8, i8, i8, i8 } %empty_35, 7" [firmware/nnet_utils/nnet_padding_stream.h:22->firmware/nnet_utils/nnet_padding_stream.h:66]   --->   Operation 92 'extractvalue' 'tmp_data_7_V' <Predicate = (!icmp_ln65)> <Delay = 0.00>
ST_3 : Operation 93 [1/1] (0.00ns)   --->   "%tmp_data_8_V = extractvalue { i8, i8, i8, i8, i8, i8, i8, i8, i8, i8, i8, i8, i8, i8, i8, i8, i8, i8, i8, i8, i8, i8, i8, i8, i8, i8, i8, i8, i8, i8, i8, i8 } %empty_35, 8" [firmware/nnet_utils/nnet_padding_stream.h:22->firmware/nnet_utils/nnet_padding_stream.h:66]   --->   Operation 93 'extractvalue' 'tmp_data_8_V' <Predicate = (!icmp_ln65)> <Delay = 0.00>
ST_3 : Operation 94 [1/1] (0.00ns)   --->   "%tmp_data_9_V = extractvalue { i8, i8, i8, i8, i8, i8, i8, i8, i8, i8, i8, i8, i8, i8, i8, i8, i8, i8, i8, i8, i8, i8, i8, i8, i8, i8, i8, i8, i8, i8, i8, i8 } %empty_35, 9" [firmware/nnet_utils/nnet_padding_stream.h:22->firmware/nnet_utils/nnet_padding_stream.h:66]   --->   Operation 94 'extractvalue' 'tmp_data_9_V' <Predicate = (!icmp_ln65)> <Delay = 0.00>
ST_3 : Operation 95 [1/1] (0.00ns)   --->   "%tmp_data_10_V = extractvalue { i8, i8, i8, i8, i8, i8, i8, i8, i8, i8, i8, i8, i8, i8, i8, i8, i8, i8, i8, i8, i8, i8, i8, i8, i8, i8, i8, i8, i8, i8, i8, i8 } %empty_35, 10" [firmware/nnet_utils/nnet_padding_stream.h:22->firmware/nnet_utils/nnet_padding_stream.h:66]   --->   Operation 95 'extractvalue' 'tmp_data_10_V' <Predicate = (!icmp_ln65)> <Delay = 0.00>
ST_3 : Operation 96 [1/1] (0.00ns)   --->   "%tmp_data_11_V = extractvalue { i8, i8, i8, i8, i8, i8, i8, i8, i8, i8, i8, i8, i8, i8, i8, i8, i8, i8, i8, i8, i8, i8, i8, i8, i8, i8, i8, i8, i8, i8, i8, i8 } %empty_35, 11" [firmware/nnet_utils/nnet_padding_stream.h:22->firmware/nnet_utils/nnet_padding_stream.h:66]   --->   Operation 96 'extractvalue' 'tmp_data_11_V' <Predicate = (!icmp_ln65)> <Delay = 0.00>
ST_3 : Operation 97 [1/1] (0.00ns)   --->   "%tmp_data_12_V = extractvalue { i8, i8, i8, i8, i8, i8, i8, i8, i8, i8, i8, i8, i8, i8, i8, i8, i8, i8, i8, i8, i8, i8, i8, i8, i8, i8, i8, i8, i8, i8, i8, i8 } %empty_35, 12" [firmware/nnet_utils/nnet_padding_stream.h:22->firmware/nnet_utils/nnet_padding_stream.h:66]   --->   Operation 97 'extractvalue' 'tmp_data_12_V' <Predicate = (!icmp_ln65)> <Delay = 0.00>
ST_3 : Operation 98 [1/1] (0.00ns)   --->   "%tmp_data_13_V = extractvalue { i8, i8, i8, i8, i8, i8, i8, i8, i8, i8, i8, i8, i8, i8, i8, i8, i8, i8, i8, i8, i8, i8, i8, i8, i8, i8, i8, i8, i8, i8, i8, i8 } %empty_35, 13" [firmware/nnet_utils/nnet_padding_stream.h:22->firmware/nnet_utils/nnet_padding_stream.h:66]   --->   Operation 98 'extractvalue' 'tmp_data_13_V' <Predicate = (!icmp_ln65)> <Delay = 0.00>
ST_3 : Operation 99 [1/1] (0.00ns)   --->   "%tmp_data_14_V = extractvalue { i8, i8, i8, i8, i8, i8, i8, i8, i8, i8, i8, i8, i8, i8, i8, i8, i8, i8, i8, i8, i8, i8, i8, i8, i8, i8, i8, i8, i8, i8, i8, i8 } %empty_35, 14" [firmware/nnet_utils/nnet_padding_stream.h:22->firmware/nnet_utils/nnet_padding_stream.h:66]   --->   Operation 99 'extractvalue' 'tmp_data_14_V' <Predicate = (!icmp_ln65)> <Delay = 0.00>
ST_3 : Operation 100 [1/1] (0.00ns)   --->   "%tmp_data_15_V = extractvalue { i8, i8, i8, i8, i8, i8, i8, i8, i8, i8, i8, i8, i8, i8, i8, i8, i8, i8, i8, i8, i8, i8, i8, i8, i8, i8, i8, i8, i8, i8, i8, i8 } %empty_35, 15" [firmware/nnet_utils/nnet_padding_stream.h:22->firmware/nnet_utils/nnet_padding_stream.h:66]   --->   Operation 100 'extractvalue' 'tmp_data_15_V' <Predicate = (!icmp_ln65)> <Delay = 0.00>
ST_3 : Operation 101 [1/1] (0.00ns)   --->   "%tmp_data_16_V = extractvalue { i8, i8, i8, i8, i8, i8, i8, i8, i8, i8, i8, i8, i8, i8, i8, i8, i8, i8, i8, i8, i8, i8, i8, i8, i8, i8, i8, i8, i8, i8, i8, i8 } %empty_35, 16" [firmware/nnet_utils/nnet_padding_stream.h:22->firmware/nnet_utils/nnet_padding_stream.h:66]   --->   Operation 101 'extractvalue' 'tmp_data_16_V' <Predicate = (!icmp_ln65)> <Delay = 0.00>
ST_3 : Operation 102 [1/1] (0.00ns)   --->   "%tmp_data_17_V = extractvalue { i8, i8, i8, i8, i8, i8, i8, i8, i8, i8, i8, i8, i8, i8, i8, i8, i8, i8, i8, i8, i8, i8, i8, i8, i8, i8, i8, i8, i8, i8, i8, i8 } %empty_35, 17" [firmware/nnet_utils/nnet_padding_stream.h:22->firmware/nnet_utils/nnet_padding_stream.h:66]   --->   Operation 102 'extractvalue' 'tmp_data_17_V' <Predicate = (!icmp_ln65)> <Delay = 0.00>
ST_3 : Operation 103 [1/1] (0.00ns)   --->   "%tmp_data_18_V = extractvalue { i8, i8, i8, i8, i8, i8, i8, i8, i8, i8, i8, i8, i8, i8, i8, i8, i8, i8, i8, i8, i8, i8, i8, i8, i8, i8, i8, i8, i8, i8, i8, i8 } %empty_35, 18" [firmware/nnet_utils/nnet_padding_stream.h:22->firmware/nnet_utils/nnet_padding_stream.h:66]   --->   Operation 103 'extractvalue' 'tmp_data_18_V' <Predicate = (!icmp_ln65)> <Delay = 0.00>
ST_3 : Operation 104 [1/1] (0.00ns)   --->   "%tmp_data_19_V = extractvalue { i8, i8, i8, i8, i8, i8, i8, i8, i8, i8, i8, i8, i8, i8, i8, i8, i8, i8, i8, i8, i8, i8, i8, i8, i8, i8, i8, i8, i8, i8, i8, i8 } %empty_35, 19" [firmware/nnet_utils/nnet_padding_stream.h:22->firmware/nnet_utils/nnet_padding_stream.h:66]   --->   Operation 104 'extractvalue' 'tmp_data_19_V' <Predicate = (!icmp_ln65)> <Delay = 0.00>
ST_3 : Operation 105 [1/1] (0.00ns)   --->   "%tmp_data_20_V = extractvalue { i8, i8, i8, i8, i8, i8, i8, i8, i8, i8, i8, i8, i8, i8, i8, i8, i8, i8, i8, i8, i8, i8, i8, i8, i8, i8, i8, i8, i8, i8, i8, i8 } %empty_35, 20" [firmware/nnet_utils/nnet_padding_stream.h:22->firmware/nnet_utils/nnet_padding_stream.h:66]   --->   Operation 105 'extractvalue' 'tmp_data_20_V' <Predicate = (!icmp_ln65)> <Delay = 0.00>
ST_3 : Operation 106 [1/1] (0.00ns)   --->   "%tmp_data_21_V = extractvalue { i8, i8, i8, i8, i8, i8, i8, i8, i8, i8, i8, i8, i8, i8, i8, i8, i8, i8, i8, i8, i8, i8, i8, i8, i8, i8, i8, i8, i8, i8, i8, i8 } %empty_35, 21" [firmware/nnet_utils/nnet_padding_stream.h:22->firmware/nnet_utils/nnet_padding_stream.h:66]   --->   Operation 106 'extractvalue' 'tmp_data_21_V' <Predicate = (!icmp_ln65)> <Delay = 0.00>
ST_3 : Operation 107 [1/1] (0.00ns)   --->   "%tmp_data_22_V = extractvalue { i8, i8, i8, i8, i8, i8, i8, i8, i8, i8, i8, i8, i8, i8, i8, i8, i8, i8, i8, i8, i8, i8, i8, i8, i8, i8, i8, i8, i8, i8, i8, i8 } %empty_35, 22" [firmware/nnet_utils/nnet_padding_stream.h:22->firmware/nnet_utils/nnet_padding_stream.h:66]   --->   Operation 107 'extractvalue' 'tmp_data_22_V' <Predicate = (!icmp_ln65)> <Delay = 0.00>
ST_3 : Operation 108 [1/1] (0.00ns)   --->   "%tmp_data_23_V = extractvalue { i8, i8, i8, i8, i8, i8, i8, i8, i8, i8, i8, i8, i8, i8, i8, i8, i8, i8, i8, i8, i8, i8, i8, i8, i8, i8, i8, i8, i8, i8, i8, i8 } %empty_35, 23" [firmware/nnet_utils/nnet_padding_stream.h:22->firmware/nnet_utils/nnet_padding_stream.h:66]   --->   Operation 108 'extractvalue' 'tmp_data_23_V' <Predicate = (!icmp_ln65)> <Delay = 0.00>
ST_3 : Operation 109 [1/1] (0.00ns)   --->   "%tmp_data_24_V = extractvalue { i8, i8, i8, i8, i8, i8, i8, i8, i8, i8, i8, i8, i8, i8, i8, i8, i8, i8, i8, i8, i8, i8, i8, i8, i8, i8, i8, i8, i8, i8, i8, i8 } %empty_35, 24" [firmware/nnet_utils/nnet_padding_stream.h:22->firmware/nnet_utils/nnet_padding_stream.h:66]   --->   Operation 109 'extractvalue' 'tmp_data_24_V' <Predicate = (!icmp_ln65)> <Delay = 0.00>
ST_3 : Operation 110 [1/1] (0.00ns)   --->   "%tmp_data_25_V = extractvalue { i8, i8, i8, i8, i8, i8, i8, i8, i8, i8, i8, i8, i8, i8, i8, i8, i8, i8, i8, i8, i8, i8, i8, i8, i8, i8, i8, i8, i8, i8, i8, i8 } %empty_35, 25" [firmware/nnet_utils/nnet_padding_stream.h:22->firmware/nnet_utils/nnet_padding_stream.h:66]   --->   Operation 110 'extractvalue' 'tmp_data_25_V' <Predicate = (!icmp_ln65)> <Delay = 0.00>
ST_3 : Operation 111 [1/1] (0.00ns)   --->   "%tmp_data_26_V = extractvalue { i8, i8, i8, i8, i8, i8, i8, i8, i8, i8, i8, i8, i8, i8, i8, i8, i8, i8, i8, i8, i8, i8, i8, i8, i8, i8, i8, i8, i8, i8, i8, i8 } %empty_35, 26" [firmware/nnet_utils/nnet_padding_stream.h:22->firmware/nnet_utils/nnet_padding_stream.h:66]   --->   Operation 111 'extractvalue' 'tmp_data_26_V' <Predicate = (!icmp_ln65)> <Delay = 0.00>
ST_3 : Operation 112 [1/1] (0.00ns)   --->   "%tmp_data_27_V = extractvalue { i8, i8, i8, i8, i8, i8, i8, i8, i8, i8, i8, i8, i8, i8, i8, i8, i8, i8, i8, i8, i8, i8, i8, i8, i8, i8, i8, i8, i8, i8, i8, i8 } %empty_35, 27" [firmware/nnet_utils/nnet_padding_stream.h:22->firmware/nnet_utils/nnet_padding_stream.h:66]   --->   Operation 112 'extractvalue' 'tmp_data_27_V' <Predicate = (!icmp_ln65)> <Delay = 0.00>
ST_3 : Operation 113 [1/1] (0.00ns)   --->   "%tmp_data_28_V = extractvalue { i8, i8, i8, i8, i8, i8, i8, i8, i8, i8, i8, i8, i8, i8, i8, i8, i8, i8, i8, i8, i8, i8, i8, i8, i8, i8, i8, i8, i8, i8, i8, i8 } %empty_35, 28" [firmware/nnet_utils/nnet_padding_stream.h:22->firmware/nnet_utils/nnet_padding_stream.h:66]   --->   Operation 113 'extractvalue' 'tmp_data_28_V' <Predicate = (!icmp_ln65)> <Delay = 0.00>
ST_3 : Operation 114 [1/1] (0.00ns)   --->   "%tmp_data_29_V = extractvalue { i8, i8, i8, i8, i8, i8, i8, i8, i8, i8, i8, i8, i8, i8, i8, i8, i8, i8, i8, i8, i8, i8, i8, i8, i8, i8, i8, i8, i8, i8, i8, i8 } %empty_35, 29" [firmware/nnet_utils/nnet_padding_stream.h:22->firmware/nnet_utils/nnet_padding_stream.h:66]   --->   Operation 114 'extractvalue' 'tmp_data_29_V' <Predicate = (!icmp_ln65)> <Delay = 0.00>
ST_3 : Operation 115 [1/1] (0.00ns)   --->   "%tmp_data_30_V = extractvalue { i8, i8, i8, i8, i8, i8, i8, i8, i8, i8, i8, i8, i8, i8, i8, i8, i8, i8, i8, i8, i8, i8, i8, i8, i8, i8, i8, i8, i8, i8, i8, i8 } %empty_35, 30" [firmware/nnet_utils/nnet_padding_stream.h:22->firmware/nnet_utils/nnet_padding_stream.h:66]   --->   Operation 115 'extractvalue' 'tmp_data_30_V' <Predicate = (!icmp_ln65)> <Delay = 0.00>
ST_3 : Operation 116 [1/1] (0.00ns)   --->   "%tmp_data_31_V = extractvalue { i8, i8, i8, i8, i8, i8, i8, i8, i8, i8, i8, i8, i8, i8, i8, i8, i8, i8, i8, i8, i8, i8, i8, i8, i8, i8, i8, i8, i8, i8, i8, i8 } %empty_35, 31" [firmware/nnet_utils/nnet_padding_stream.h:22->firmware/nnet_utils/nnet_padding_stream.h:66]   --->   Operation 116 'extractvalue' 'tmp_data_31_V' <Predicate = (!icmp_ln65)> <Delay = 0.00>
ST_3 : Operation 117 [1/1] (3.63ns)   --->   "call void @_ssdm_op_Write.ap_fifo.volatile.i8P.i8P.i8P.i8P.i8P.i8P.i8P.i8P.i8P.i8P.i8P.i8P.i8P.i8P.i8P.i8P.i8P.i8P.i8P.i8P.i8P.i8P.i8P.i8P.i8P.i8P.i8P.i8P.i8P.i8P.i8P.i8P(i8* %res_V_data_0_V, i8* %res_V_data_1_V, i8* %res_V_data_2_V, i8* %res_V_data_3_V, i8* %res_V_data_4_V, i8* %res_V_data_5_V, i8* %res_V_data_6_V, i8* %res_V_data_7_V, i8* %res_V_data_8_V, i8* %res_V_data_9_V, i8* %res_V_data_10_V, i8* %res_V_data_11_V, i8* %res_V_data_12_V, i8* %res_V_data_13_V, i8* %res_V_data_14_V, i8* %res_V_data_15_V, i8* %res_V_data_16_V, i8* %res_V_data_17_V, i8* %res_V_data_18_V, i8* %res_V_data_19_V, i8* %res_V_data_20_V, i8* %res_V_data_21_V, i8* %res_V_data_22_V, i8* %res_V_data_23_V, i8* %res_V_data_24_V, i8* %res_V_data_25_V, i8* %res_V_data_26_V, i8* %res_V_data_27_V, i8* %res_V_data_28_V, i8* %res_V_data_29_V, i8* %res_V_data_30_V, i8* %res_V_data_31_V, i8 %tmp_data_0_V, i8 %tmp_data_1_V, i8 %tmp_data_2_V, i8 %tmp_data_3_V, i8 %tmp_data_4_V, i8 %tmp_data_5_V, i8 %tmp_data_6_V, i8 %tmp_data_7_V, i8 %tmp_data_8_V, i8 %tmp_data_9_V, i8 %tmp_data_10_V, i8 %tmp_data_11_V, i8 %tmp_data_12_V, i8 %tmp_data_13_V, i8 %tmp_data_14_V, i8 %tmp_data_15_V, i8 %tmp_data_16_V, i8 %tmp_data_17_V, i8 %tmp_data_18_V, i8 %tmp_data_19_V, i8 %tmp_data_20_V, i8 %tmp_data_21_V, i8 %tmp_data_22_V, i8 %tmp_data_23_V, i8 %tmp_data_24_V, i8 %tmp_data_25_V, i8 %tmp_data_26_V, i8 %tmp_data_27_V, i8 %tmp_data_28_V, i8 %tmp_data_29_V, i8 %tmp_data_30_V, i8 %tmp_data_31_V)" [firmware/nnet_utils/nnet_padding_stream.h:28->firmware/nnet_utils/nnet_padding_stream.h:66]   --->   Operation 117 'write' <Predicate = (!icmp_ln65)> <Delay = 3.63> <Core = "FIFO_SRL">   --->   Core 36 'FIFO_SRL' <Latency = 0> <II = 1> <Delay = 3.63> <Storage> <Opcode : 'read' 'write' 'nbread' 'nbwrite'> <Ports = 0> <Width = 8> <Depth = 0> <FIFO>
ST_3 : Operation 118 [1/1] (0.00ns)   --->   "br label %2" [firmware/nnet_utils/nnet_padding_stream.h:65]   --->   Operation 118 'br' <Predicate = (!icmp_ln65)> <Delay = 0.00>
ST_3 : Operation 119 [1/1] (0.00ns)   --->   "%empty_36 = call i32 (...)* @_ssdm_op_SpecRegionEnd([8 x i8]* @p_str55, i32 %tmp)" [firmware/nnet_utils/nnet_padding_stream.h:71]   --->   Operation 119 'specregionend' 'empty_36' <Predicate = (icmp_ln65)> <Delay = 0.00>
ST_3 : Operation 120 [1/1] (0.00ns)   --->   "br label %1" [firmware/nnet_utils/nnet_padding_stream.h:61]   --->   Operation 120 'br' <Predicate = (icmp_ln65)> <Delay = 0.00>


============================================================
+ Verbose Summary: Timing violations
============================================================
Target clock period: 10ns, clock uncertainty: 1.25ns.

 <State 1>: 1.77ns
The critical path consists of the following:
	multiplexor before 'phi' operation ('i') with incoming values : ('i', firmware/nnet_utils/nnet_padding_stream.h:61) [131]  (1.77 ns)

 <State 2>: 1.83ns
The critical path consists of the following:
	'phi' operation ('i') with incoming values : ('i', firmware/nnet_utils/nnet_padding_stream.h:61) [131]  (0 ns)
	'add' operation ('i', firmware/nnet_utils/nnet_padding_stream.h:61) [134]  (1.83 ns)

 <State 3>: 7.27ns
The critical path consists of the following:
	fifo read on port 'data_V_data_0_V' (firmware/nnet_utils/nnet_padding_stream.h:22->firmware/nnet_utils/nnet_padding_stream.h:66) [148]  (3.63 ns)
	fifo write on port 'res_V_data_0_V' (firmware/nnet_utils/nnet_padding_stream.h:28->firmware/nnet_utils/nnet_padding_stream.h:66) [181]  (3.63 ns)


============================================================
+ Verbose Summary: Binding
============================================================
N/A
* FSMD analyzer results:
  - Output states:
 - Input state : 
  - Chain level:
	State 1
	State 2
	State 3


============================================================
+ Verbose Summary: Datapath Resource usage 
============================================================
N/A
