-13.25 -14.25 -10.5 -6.75 -13.5 -8 -9 -14.25 -10 -12.75 
-5.5 -2.5 -15.25 -13.75 -16.25 -15.25 -15.25 -13.25 4.25 -4.5 
-10 -5 -11.5 -13.25 -12.75 -15.5 -12.75 -12.5 -2 -6 
-2.25 -4.75 -10.25 -9.75 -12 -13.5 -12.5 -11.5 -3.75 -6.25 
-17 -10.75 -6 -10.25 -9 -17 -3.75 -22 -11.25 -16.5 
-16.5 -15.75 -8.75 -9 -8.25 -9.5 -4.25 -12 -13.75 -13.5 
-9.25 -1.25 -14 -10.75 -19.5 -13 -13.25 -12.75 -15 -5 
-4.5 -9.75 -4 -6.75 -5.5 -7.5 -3.5 -6.5 -9.75 -10 
-11 -12.5 -6.75 -3 -7.25 -6.75 -5.5 -9 -9 -12.75 
-11.5 -2 -18.25 -18.5 -15.75 -20.5 -18.25 -17.5 -11.25 -4.5 
0 -12 -6.5 -7.25 -9 -8.75 -11 -8.75 -7.75 -13 
-13 -2 -24.75 -17 -21.25 -21.25 -20.5 -14.75 -16.25 4 
-19 -15.25 -11.25 -9.25 -11.5 -7.75 -10.25 -10.75 -15 -17 
-12.75 -16.5 -10.5 -10.25 -9 -8.5 -11 -4.75 -17 -11.75 
-10 -2.5 -15.75 -16.5 -17.75 -18 -18 -14.25 -9.5 0.75 
-8.5 -9.25 -12.25 -11.75 -13.25 -12.75 -9.75 -13.5 -3 -8.5 
-15.75 -17.75 -12.5 -6.25 -12.75 -5 -12.75 -7 -17.75 -15.5 
-12.5 -12 -14.5 -11 -9 -10.5 -12.75 -5.75 -15.25 -13 
-5.75 -10.25 -12.5 -12 -11.5 -16.5 -14.75 -11.25 0.25 -7.75 
-13 -14.25 -8.75 -10.75 -11 -14 -1.75 -14.5 -10 -15 
-13.25 -12.25 -13.5 -11.25 -10.5 -10.5 -14.5 -5.5 -13.5 -12.25 
-0.5 -7.75 -4 -5.5 -9.5 -7 -6.5 -8.75 -10.25 -9.25 
-3.75 -8.75 -5.25 -6 -1.25 -7.5 -6.5 -6.5 -4.75 -8.5 
-9.5 -0.75 -22.75 -17.5 -22.25 -17.75 -20 -15.25 -13 3.75 
-12.75 -15.75 -9.25 -6.25 -5.5 -5.25 -12.75 -7.25 -12.25 -12.5 
-10 -14.25 -4.5 -6.5 -6.5 -7.75 -6.75 -9.25 -15.5 -13 
-13.75 -14.25 -6.75 -8 -7.5 -9.25 -9.5 -9.5 -16.75 -14.75 
-7.5 -12.5 -9.25 -11.25 -11.75 -11.75 -12 -13.5 -17 -12.5 
-11.25 -4 -14 -13 -13.25 -15.5 -15 -10.5 -13.75 -3 
-15.5 -11.75 -8.25 -12.75 -13 -13.75 -2 -18 -13 -14.25 
-14.75 -10.25 -8.75 -13.25 -14.25 -15 -2.5 -12.75 -16 -12 
-17 -18.25 -9 -7.75 -10.75 -1.25 -10 -7.75 -18.5 -13.75 
-11.25 -14 -4.5 -9.25 -7.5 -12 -7.25 -11.5 -10.75 -12.75 
-9.75 -11.75 -8 -6.5 -7.25 -6.75 -7.75 -8.75 -9.25 -10 
-5.5 -6 -17 -15.5 -18 -18.5 -20.5 -12 -7.75 2 
-15.25 -12 -10.5 -11.25 -14.25 -13.75 -11.25 -14 -10.5 -10 
-9.75 -15.75 -6 -6.75 -3.25 -5.25 -10.25 -3.5 -12.5 -14.5 
-10 -3.75 -15.25 -15.25 -17.75 -15.75 -15.5 -13.5 -9.25 -4.25 
-7.25 -7.75 -15.75 -13 -12.25 -12.25 -14.5 -13.75 -9 -0.5 
-17.5 -14 -12 -9.25 -13.5 -3.75 -13 -14 -9.75 -13.25 
-9 -13.5 -7.75 -10.5 -3 -11.75 -17 -13 -15.5 -14.25 
-13.25 -11.75 -8 -11.75 -10.25 -13.75 -0.25 -13.75 -12 -11.75 
-11.75 -16.5 -9.25 -7.75 -11.25 -9.25 -12.25 -9 -15.25 -11.5 
-16.75 -8.75 -8.75 -9.75 -14 -14.5 -1.5 -19 -11.5 -13.75 
0 -4.75 -6.75 -9.75 -7.75 -9.75 -10.75 -7.25 -6.5 -3.75 
-8 -8.25 -17.25 -15.75 -19 -15.75 -23.75 -12.75 -12.25 -0.5 
-13.25 -13.75 -8.25 -4 -7.5 -5.5 -8.75 -7.5 -13 -12.5 
-9.25 -6.25 -12.5 -12.5 -12.75 -15.5 -13.25 -13 -8.75 -6.5 
-16.75 -21 -9.75 -10.5 -6.75 -6.5 -9.75 -1.5 -18.5 -20 
-7 -7.75 -4.25 -7 -6 -7.25 -1.75 -7.25 -7.25 -8.75 
-8.25 -7 -15.25 -15.75 -15 -17.5 -12.5 -12.75 -11 -0.75 
-9 -11.25 -12.25 -10.75 -8 -14.5 -10.25 -12 -0.5 -11.25 
-11 -14.75 -8.75 -11.25 -14 -11.75 -12.5 -8.25 -13.5 -10.25 
-14.5 -13 -8.25 -8.25 -11 -10.5 -8.25 -12.25 -16.5 -11.25 
-0.25 -6.25 -9 -10.25 -10 -12 -10.75 -10.25 2.25 -5 
-4.75 -9 -7.5 -9.75 -11 -11.5 -10.25 -16.5 0.25 -8.5 
-11.75 -16.25 -8.25 -6.75 -8 -9.25 -7.75 -6.5 -14.25 -13.75 
-10.75 -9.75 -10 -5.75 -9.5 -5.5 -8.5 -5.5 -8.75 -10 
-8.5 -14.5 -8.5 -7.75 -7.5 -9 -10.5 -10.25 -8.75 -14.75 
-10 -7.5 -11 -8.25 -10.5 -7.75 -7 -10.25 -10.75 -10.25 
-14.75 -18 -9.5 -9.75 -3 -7.5 -12.75 4 -18.5 -15.75 
-15 -21 -10.25 -8 -14 -5.25 -12.75 -11 -15.5 -15.75 
-9 -8.75 -9.75 -9 -11.25 -8.75 -5 -13 -11.25 -14.25 
-11.25 -10.75 -14 -10.5 -16.75 -12.75 -17.75 -15.25 -13 -11.5 
-14.75 -12.75 -11 -11 -11.25 -13 -4.25 -13.5 -12 -14.75 
-15 -15.25 -3.25 -8.5 -8.25 -11 -5.5 -9.5 -15.5 -13.5 
-7.75 -4.25 -13.25 -13.75 -11.75 -15.75 -11.75 -16 -7 -7 
-5 -8.5 -3.25 -8 -9.75 -9.75 -7.75 -8.5 -8.5 -10.75 
-16.5 -11.25 -8.75 -7.25 -10.75 -8.5 -7.75 -9.5 -10.25 -9.75 
-7 -9 -8.5 -8.25 -7 -9.25 -8 -4.75 -11 -8.75 
-4.5 -6.25 -3.75 -5 -5.5 -5.75 -6.25 -8.25 -4.75 -6.5 
-15.75 -17.25 -8.5 -6.75 -10.5 -10 -8.5 -12 -16 -14 
-4 -7.5 -8.75 -9.5 -10.5 -12.25 -11.25 -13.75 2.75 -7.5 
-5 -5 -10.5 -12 -11 -13 -12 -12 3 -7.5 
-4.5 -4.25 -12.75 -12.75 -13.25 -15 -12.25 -10.5 -9 -4 
-9.5 -16.75 -1.75 -10.25 -10.75 -7.25 -10.75 -7.5 -15.25 -15.75 
-7.75 -12 -16 -21 -17 -19.75 -22 -10.75 -17 -7.5 
-11.5 -9.75 -13.75 -7.25 -12.25 -9.25 -12.5 -14.25 -10.75 -14.75 
-17.75 -15.25 -14.5 -9.5 -14.25 -7 -13 -7.5 -21.75 -14.75 
-6 -9.25 -11.75 -10.25 -7.25 -12 -10 -7.25 0.25 -6.75 
-3.75 -6 -8.75 -11.25 -9.75 -14 -10 -11 1.75 -5 
-6.75 0 -16 -14.25 -16.5 -14.25 -17.25 -14.25 -1.5 -1.25 
-8.5 0.75 -14.75 -12.5 -18.25 -14.75 -11.25 -16.5 -10.5 -8 
-8.25 -13 -9.5 -8.5 -9.75 -9 -13.25 -4.5 -11.5 -13 
-6.75 -9.75 -2.75 -6.75 -10 -5.25 -7.75 -7.5 -11.25 -11.5 
-7.75 -12.5 -9.25 -8.5 -8 -7 -11.25 -6.25 -13.25 -8.5 
-10 -11.5 -9.75 -7.5 -8.75 -7.25 -11.75 -7.75 -14 -10.25 
-7.25 -11.25 -6.75 -7 -8.5 -8.75 -9.75 -6.75 -6 -9.25 
-10.5 -11.25 -16.25 -12.5 -13.5 -13.5 -14.25 -12 0 -7.25 
-4.75 -3 -21.75 -19.25 -18.75 -19.25 -20 -15.25 -11.75 2 
-0.5 -7 -13.25 -14.25 -11.25 -17.5 -22.25 -10.5 -5.5 -7 
-13.5 -12.5 -10.75 -8.75 -12.75 -10.25 -7.75 -15.75 -14.25 -15.25 
-7 -6.25 -11.5 -11.75 -11.75 -13.5 -12.25 -11.75 -0.5 -5 
-9.5 -10 -4.75 -5.75 -6.75 -7.75 0.5 -10 -11 -10.25 
-9.25 -14.5 -6.25 -5 -0.75 -5 -6.25 -3.75 -11.75 -12.5 
-15 -13.75 -10 -5 -13 -9.5 -6.75 -11.75 -9.25 -12.75 
-15 -17.5 -8.75 -8.25 -8.5 -11.5 -8 -14.25 -16.75 -17.25 
-0.75 -9.75 -3.25 -5.5 -5.25 -6 -6 -9 -2.25 -8 
-1.75 -10.25 -8.5 -12.5 -10.75 -13.75 -10.5 -13.5 -15.75 -12.75 
-8 -10.25 -5.5 -8.25 -7 -8.75 -9.25 -5.25 -10.75 -10.75 
